2026-04-20 11:11:53,http://115.29.208.41:34567/gd.php?id=gzzh
广州综合,http://115.29.208.41:34567/gd.php?id=gzzh
广州综合,http://115.29.208.41:34567/gd.php?id=1175
广州综合,https://tencentplay.gztv.com/live/zonghes.m3u8?txSecret=870cb528156f761b62bf8b8a7eec176a&txTime=18f4b58d76a
广州综合,https://tencentplay.gztv.com/live/zonghes.m3u8?txSecret=e381ab098841a0badbf7e11f24143cf7&txTime=18e6ff43701
广州综合,https://tencentplay.gztv.com/live/zonghes.m3u8?txSecret=48f6c06c32931ed1c2376b21ce91640c&txTime=18d1f31b604
广州新闻,http://115.29.208.41:34567/gd.php?id=gzxw
广州新闻,http://115.29.208.41:34567/gd.php?id=1176
广州新闻,https://tencentplay.gztv.com/live/xinwen.m3u8?txSecret=d217bd6cf85c93e3b47b96504cd2dc1c&txTime=18e6ff29019
广州新闻,http://tencentplay.gztv.com/live/xinwen.m3u8?txSecret=d2c2db0b598c02ec1b5623728434d367&txTime=18d57929bd3
广州新闻,http://tencentplaygzrb01.gztv.com/live/xinwen.m3u8
广州竞赛,https://stream1.freetv.fun/yan-zhou-jing-sai-34.ctv
广州竞赛,https://stream1.freetv.fun/yan-zhou-jing-sai-38.ctv
广州竞赛,https://stream1.freetv.fun/yan-zhou-jing-sai-32.ctv
广州竞赛,https://stream1.freetv.fun/yan-zhou-jing-sai-2.m3u8
广州竞赛,https://stream1.freetv.fun/yan-zhou-jing-sai-33.ctv
广州法治,http://cdn.jdshipin.com:8880/gztv.php?id=fazhi
广州法治,http://www.3344.uk:8888/rtp/239.253.43.69:5146
广州法治,http://php.jdshipin.com:8880/gztv.php?id=fazhi
广州法治,http://www.3344.uk:8888/udp/239.253.43.74:5146
广州法治,http://iptv.cqshushu.com/gddf.php?id=gzfz&token=5c8e9229d26964074bfdc4de1aacec9f
南国都市,http://tencentplay.gztv.com/live/nanguodushi.m3u8?txSecret=140110ae3d6c936a77f94c4f4d85b0d3&txTime=18d57929bd4
南国都市,https://tencentplay.gztv.com/live/nanguodushi.m3u8?txSecret=550af55c0ea34ce492748481415b6dfa&txTime=1903e7b17de
南国都市,http://r.jdshipin.com/nWaZO
南国都市,http://php.jdshipin.com:8880/gztv.php?id=shenghuo
南国都市,http://iptv.cqshushu.com/gddf.php?id=ngds&token=5c8e9229d26964074bfdc4de1aacec9f
广州影视频道,http://php.jdshipin.com:8880/gztv.php?id=yingshi
广州竞赛频道,http://php.jdshipin.com:8880/gztv.php?id=jingsai
广东新闻,http://115.29.208.41:34567/gd.php?id=45
广东新闻,http://115.29.208.41:34567/gd.php?id=1186
广东新闻,http://198.204.228.26/live/gdxw.m3u8
广东新闻,http://38.75.136.137:98/gslb/dsdqpub/gdxwa.m3u8?auth=testpub
广东新闻,http://38.75.136.137:98/gslb/dsdqpub/gdxw.m3u8?auth=testpub
广东民生,http://115.29.208.41:34567/gd.php?id=48
广东民生,http://115.29.208.41:34567/gd.php?id=1185
广东民生,http://38.75.136.137:98/gslb/dsdqpub/gdgg.m3u8?auth=testpub
广东民生,https://hk.188766.xyz/?migutoken=08f126f29a9e9334c492a23a0f40038f&id=gd_gdms&type=sz
广东民生,https://stream1.freetv.fun/yan-dong-min-sheng-9.ctv
广东体育,http://115.29.208.41:34567/gd.php?id=1184
广东体育,http://115.29.208.41:34567/gd.php?id=47
广东体育,http://198.204.228.26/live/gdty.m3u8
广东体育,http://192.151.150.154/live/gdty.m3u8
广东体育,http://38.75.136.137:98/gslb/dsdqpub/gdty.m3u8?auth=testpub
江门综合,http://115.29.208.41:34567/gd.php?id=jmzh
江门综合,http://115.29.208.41:34567/gd.php?id=1248
江门综合,https://stream1.freetv.fun/jiang-men-zong-he-2.ctv
江门综合,https://stream1.freetv.fun/jiang-men-zong-he-7.ctv
江门综合,https://stream1.freetv.fun/jiang-men-zong-he-1.ctv
江门侨乡生活,http://115.29.208.41:34567/gd.php?id=jmqxsh
江门侨乡生活,http://[2605:6400:20:e33:19c6:b2fe:332b:d62d]:9090/live/3711.m3u8
江门侨乡生活,http://[2605:6400:20:e33:19c6:b2fe:332b:d62d]:9090/live/3701.m3u8
佛山综合,http://115.29.208.41:34567/gd.php?id=fszh
佛山综合,https://stream1.freetv.fun/fo-shan-zong-he-7.ctv
佛山综合,https://stream1.freetv.fun/fo-shan-zong-he-9.ctv
佛山综合,https://stream1.freetv.fun/fo-shan-zong-he-17.ctv
佛山综合,https://stream1.freetv.fun/fo-shan-zong-he-22.ctv
汕头综合,https://stream1.freetv.fun/shan-tou-zong-he-5.ctv
汕头综合,https://stream1.freetv.fun/shan-tou-zong-he-9.ctv
汕头综合,https://stream1.freetv.fun/shan-tou-zong-he-3.ctv
汕头综合,https://stream1.freetv.fun/shan-tou-zong-he-4.ctv
汕头综合,https://stream1.freetv.fun/shan-tou-zong-he-6.ctv
汕头经济,https://stream1.freetv.fun/shan-tou-jing-ji-1.ctv
汕头经济,https://stream1.freetv.fun/shan-tou-jing-ji-6.ctv
汕头经济,https://stream1.freetv.fun/shan-tou-jing-ji-3.ctv
汕头经济,https://stream1.freetv.fun/shan-tou-jing-ji-4.ctv
汕头经济,https://stream1.freetv.fun/shan-tou-jing-ji-2.ctv
茂名综合,http://115.29.208.41:34567/gd.php?id=mmzh
茂名综合,http://[2605:6400:20:e33:19c6:b2fe:332b:d62d]:9090/live/3012.m3u8
家庭影院咪咕,http://z.b.bkpcp.top/m.php?id=jtyy
江苏卫视咪咕,http://z.b.bkpcp.top/m.php?id=jsws
陕西卫视咪咕,http://z.b.bkpcp.top/m.php?id=sxws
湖北卫视咪咕,http://z.b.bkpcp.top/m.php?id=hubws
江西卫视咪咕,http://z.b.bkpcp.top/m.php?id=jxws
J 2,https://live.catvod.com/live.php?id=j2_twn
珍珠台,https://live.catvod.com/live.php?id=pearl_twn
RHK 31,https://live.catvod.com/live.php?id=rhk31_twn
VIUTV1,https://live.catvod.com/live.php?id=viu1_twn
RHK 32,https://live.catvod.com/live.php?id=rhk32_twn
公视,http://74.91.26.218:82/live/pts.m3u8
公视,https://hls-gateway.vpstv.net/streams/476984.m3u8
公视,http://free.cnlive.club/channel/3b838b0c/index.m3u8
中视,rtmp://f13h.mine.nu/sat/tv091
中视,rtmp://f13h.mine.nu:1935/sat/tv091
中视,rtmp://9hv1.mine.nu/sat/tv091
中视,http://74.91.26.218:82/live/ctv.m3u8
中视,http://37.27.111.214:8080/live/7/hls.m3u8
华视,rtmp://f13h.mine.nu/sat/tv111
华视,rtmp://f13h.mine.nu:1935/sat/tv111
华视,rtmp://9hv1.mine.nu/sat/tv111
华视,http://74.91.26.218:82/live/cts.m3u8
华视,http://8.218.84.3:8885/live/LxWcScuQ6WphaELY4DhkKm8SIv7_ZgNIJtNvFurqphvyqxUIU84OjKVCwFxMq9iUyH_fs26-c7nBUTry9_G9WC4PV84FqPDdX5aGM2Uh2jv-FMZaOh-fvBiGeHcVSKvxKgnMAi_TSEdkq0GlDYvX0YOdT20uyonxrctqHD39OFdSxYFPV2CjSgX96JI0rcx2D9VifDNgJK5yzYJhsqhdEY2Jhj9BGCrG1njMeRY7BBQtGKuN6F7M7tBZ3fJKeod86PqkIEbu8h1232KWo-ZXaQ.m3u8?u=1756878715
tvbs,http://61.221.215.25:8800/hls/9/index.m3u8
tvN,https://hls-gateway.vpstv.net/streams/709507.m3u8
tvN,https://hls-gateway.vpstv.net/streams/477799.m3u8
PopC,http://tl.061833.xyz/tl/popc
PopC,https://smt.pixman.us.ci/proxy/66d3b7594776ed7e.m3u8
PopC,http://mytvsuper.webn.cc:2052/stream/mytv/popc/master.m3u8?u=yhy&p=447c04d6fbd1b6db532939627946d3ee4532fbe69a842ccfe439df51e0fff326
无线明珠,http://tl.061833.xyz/tl/null-12
无线明珠,http://php.jdshipin.com/PLTV/iptv.php?id=mzt
无线明珠,http://php.jdshipin.com/PLTV/iptv.php?id=mzt2
无线明珠,http://php.jdshipin.com:8880/smt.php?id=pearl_twn
无线明珠,https://o11.163189.xyz/stream/tvb/mzt/
娱乐新闻台,http://cdn6.163189.xyz/163189/ylxw
有线新闻,http://61.10.2.141:80/live_freedirect/freehd209_h.live/chunklist.m3u8
有线新闻,http://61.10.2.141/live_freedirect/freehd209_h.live/playlist.m3u8
有线新闻,http://iptv.4666888.xyz/iptv2A.php?id=31
有线新闻,https://stream1.freetv.fun/you-xian-xin-wen-1.m3u8
有线新闻,https://stream1.freetv.fun/you-xian-xin-wen-2.m3u8
寰宇新聞台,https://www.youtube.com/watch?v=6IquAgfvYmc
寰宇新聞台,https://www.youtube.com/watch?v=Ej3LQM_lTEw
寰宇新聞台,https://www.youtube.com/watch?v=5SH3FDMyMzg
寰宇新聞台,http://clawcloud.goiptv.de5.net/litv.php?id=litv-longturn14&token=xiatianshigou
now新闻,https://t.freetv.fun/live/nowxin-wen.m3u8
ROCK Action,http://iptv.4666888.xyz/iptv2A.php?id=50
ROCK Action,https://4gtv.946985.filegear-sg.me/playlist?channel=ROCK%20Action
ROCK Action,https://hls-gateway.vpstv.net/streams/709551.m3u8
千禧经典台,http://rihou.cc:555/tv/[Pd]无线明珠
千禧经典台,http://php.jdshipin.com:8880/smt.php?id=Tvbclassic
千禧经典台,http://php.jdshipin.com/TVOD/iptv.php?id=tvbc
千禧经典台,https://o11.163189.xyz/stream/live/tvbc/
千禧经典台,http://o11.163189.xyz/stream/live/tvbc/
Animax,https://nl.utako.moe/Animax/index.m3u8
Animax,https://smart.dxjc.pp.ua/smart.php?id=Animax&token=tmxk
Animax,https://smart.946985.filegear-sg.me/smart.php?id=Animax
Animax,https://live.catvod.com/live.php?id=Animax
Animax,https://hls-gateway.vpstv.net/streams/709503.m3u8
美亚电影国,http://php.jdshipin.com:8880/TVOD/iptv.php?id=meiya
HOYTV,http://cdn6.163189.xyz/163189/hoy
HOYTV,http://cdn.163189.xyz/163189/hoy
Viutv,http://php.jdshipin.com:8880/PLTV/iptv.php?id=viutv
Now星影台,http://bak.dou.ddns-ip.net/api.php?n=cctvxxx&id=KqOtof&tk=4U04NDOE13ra
靖天電影台,http://clawcloud.goiptv.de5.net/litv.php?id=4gtv-4gtv061&token=xiatianshigou
amc电影台,https://cdn12.178.indevs.in/163189/0bcf9bb8c452e56a
中天亞洲台,http://clawcloud.goiptv.de5.net/litv.php?id=4gtv-4gtv109&token=xiatianshigou
中天新聞台,http://clawcloud.goiptv.de5.net/litv.php?id=4gtv-4gtv009&token=xiatianshigou
中視,http://clawcloud.goiptv.de5.net/litv.php?id=4gtv-4gtv040&token=xiatianshigou
千禧經典台,http://tl.061833.xyz/tl/null-3
新加坡中文,https://d2e1asnsl7br7b.cloudfront.net/7782e205e72f43aeb4a48ec97f66ebbe/index_4.m3u8?zshijd
華視,http://clawcloud.goiptv.de5.net/litv.php?id=4gtv-4gtv041&token=xiatianshigou
龍華日韓台,http://clawcloud.goiptv.de5.net/litv.php?id=litv-xinchuang11&token=xiatianshigou
龍華電影台,http://clawcloud.goiptv.de5.net/litv.php?id=litv-xinchuang03&token=xiatianshigou
愛爾達娛樂台,http://clawcloud.goiptv.de5.net/litv.php?id=4gtv-4gtv070&token=xiatianshigou
BBC Cbeebies,https://hls-gateway.vpstv.net/streams/709102.m3u8
BBC Cbeebies,https://hls-gateway.vpstv.net/streams/709578.m3u8
BBC Earth,https://cbsn-dal.cbsnstream.cbsnews.com/out/v1/ffa98bbf7d2b4c038c229bd4d9122708/master.m3u8
BBC Earth,https://live.catvod.com/live.php?id=bbcearth_twn
BBC Earth,https://hls-gateway.vpstv.net/streams/477040.m3u8
BBC Earth,https://hls-gateway.vpstv.net/streams/709500.m3u8
BBC Earth,https://hls-gateway.vpstv.net/streams/709099.m3u8
BBC Lifestyle,https://hls-gateway.vpstv.net/streams/476671.m3u8
BBC Lifestyle,https://hls-gateway.vpstv.net/streams/605073.m3u8
BBC Lifestyle,https://hls-gateway.vpstv.net/streams/709100.m3u8
BBC Lifestyle,https://hls-gateway.vpstv.net/streams/709577.m3u8
BBC Lifestyle,https://hls.iill.top/api/BBC-Lifestyle/index.m3u8
BBC NEWS,http://nor2live.win:80/livehttpplay?channel_id=16531
Bloomberg TV,https://4gtv.946985.filegear-sg.me/playlist?channel=Bloomberg%20TV
Bloomberg TV,https://live.catvod.com/live.php?id=Bloomberg
Discovery Asia,https://smart.dxjc.pp.ua/smart.php?id=discoverytwn_twn&token=tmxk
Discovery Asia,https://smart.946985.filegear-sg.me/smart.php?id=discoverytwn_twn
Discovery Asia,https://live.catvod.com/live.php?id=Discoveryasia
Discovery Asia,https://hls-gateway.vpstv.net/streams/708899.m3u8
Discovery Asia,https://hls-gateway.vpstv.net/streams/476648.m3u8
Discovery DMAX,https://hls-gateway.vpstv.net/streams/708900.m3u8
Discovery Science,https://hls-gateway.vpstv.net/streams/708903.m3u8
Eurosport,https://live.catvod.com/live.php?id=Eurosport
Global Trekker,https://4gtv.946985.filegear-sg.me/playlist?channel=Global%20Trekker
Love Nature,http://rihou.cc:555/tv/LoveNature
Love Nature,https://4gtv.946985.filegear-sg.me/playlist?channel=Love%20Nature
Love Nature,http://tl.061833.xyz/tl/lovenaturehd
TVBS 欢乐台,https://smart.dxjc.pp.ua/smart.php?id=tvbshuanle_twn&token=tmxk
TVBS HD,https://smart.dxjc.pp.ua/smart.php?id=tvbs&token=tmxk
TVBS HD,https://stream1.freetv.fun/tvbsya-zhou-11.m3u8
TVBS HD,https://smart.946985.filegear-sg.me/smart.php?id=tvbs
台视新闻台,https://live.wcetv.com/hls/master-ttvnews.m3u8
台视新闻台,https://www.youtube.com/watch?v=xL0ch83RAK8
中视 HD,https://smart.dxjc.pp.ua/smart.php?id=zhongshihd_twn&token=tmxk
中视新闻台,https://www.youtube.com/watch?v=TCnaIE_SAtM
民视 HD,https://smart.dxjc.pp.ua/smart.php?id=ftvhd_taiwan&token=tmxk
HBO_HD,https://smart.dxjc.pp.ua/smart.php?id=hbohd_twn&token=tmxk
HBO_HD,https://smart.946985.filegear-sg.me/smart.php?id=hbohd_twn
HBO_HITS,https://smart.dxjc.pp.ua/smart.php?id=hbohit_twn&token=tmxk
HBO_HITS,https://smart.946985.filegear-sg.me/smart.php?id=hbohit_twn
HBO_HITS,https://live.catvod.com/live.php?id=hbohits_twn
HBO_HITS,http://free.cnlive.club/channel/n54fc5ba0/index.m3u8
三立戏剧台,http://61.221.215.25:8800/hls/41/index.m3u8
三立戏剧台,https://smart.dxjc.pp.ua/smart.php?id=sanlixiju_twn&token=tmxk
三立都会台,https://smart.dxjc.pp.ua/smart.php?id=sanlidouhui&token=tmxk
三立都会台,https://hls-gateway.vpstv.net/streams/476232.m3u8
CINEMAX,https://smart.dxjc.pp.ua/smart.php?id=cinemax_twn&token=tmxk
CINEMAX,https://smart.946985.filegear-sg.me/smart.php?id=cinemax_twn
CINEMAX,https://live.catvod.com/live.php?id=cinemax_twn
CINEMAX,https://hls-gateway.vpstv.net/streams/476283.m3u8
CINEMAX,https://hls-gateway.vpstv.net/streams/709553.m3u8
寰宇财经,https://edgeone.passwdword.xyz/ofiii.php?token=passwd&id=4gtv-4gtv158
寰宇财经,https://smt.858.qzz.io/Smart.php?id=huanyutaiwan_twn
寰宇财经,http://php.666230.xyz/smt.php?id=huanyutaiwan_twn
寰宇财经,https://hls-gateway.vpstv.net/streams/488994.m3u8
寰宇财经,http://free.cnlive.club/channel/n4332074a/index.m3u8
寰宇新闻台,https://smart.dxjc.pp.ua/smart.php?id=huanyuxinwen_twn&token=tmxk
寰宇新闻台,https://www.youtube.com/watch?v=6IquAgfvYmc
寰宇新闻台,http://bak.dou.ddns-ip.net/api.php?n=cctvxxx&id=a5BrR5&tk=4U04NDOE13ra
寰宇新闻台,http://clawcloud.goiptv.de5.net/litv.php?id=litv-longturn14&token=xiatianshigou
公视2,https://hls-gateway.vpstv.net/streams/708888.m3u8
龙华经典台,http://clawcloud.goiptv.de5.net/litv.php?id=litv-xinchuang21&token=xiatianshigou
龙华经典台,http://cdn8.163189.xyz/163189/lhjd
AXN Taiwan,https://smart.dxjc.pp.ua/smart.php?id=axn_twn&token=tmxk
AXN Taiwan,https://smart.946985.filegear-sg.me/smart.php?id=axn_twn
AXN Taiwan,http://free.cnlive.club/channel/n4e27c899/index.m3u8
纬来电影台,https://smt.1678520.xyz/163189/145487bee05856fc
纬来体育台,https://smt.1678520.xyz/163189/286f8eb30448a8e8
亚洲美食,https://smart.dxjc.pp.ua/smart.php?id=afc_twn&token=tmxk
亚洲美食,https://live.catvod.com/live.php?id=afc_twn
亚洲美食,http://free.cnlive.club/channel/4258879f/index.m3u8
美食星球,https://smart.dxjc.pp.ua/smart.php?id=foodplanet_twn&token=tmxk
美食星球,https://hls-gateway.vpstv.net/streams/709110.m3u8
美食星球,https://hls-gateway.vpstv.net/streams/476263.m3u8
美食星球,http://free.cnlive.club/channel/5939fd4b/index.m3u8
博斯无限,https://live.catvod.com/live.php?id=bosiunlimited_twn
博斯无限,https://hls-gateway.vpstv.net/streams/477603.m3u8
博斯无限,http://free.cnlive.club/channel/47dd89d5/index.m3u8
博斯无限,https://t.freetv.fun/live/bo-si-wu-xian.php
博斯无限,https://t.freetv.fun/live/bo-si-wu-xian-1.m3u8
MTV Live,http://iuhqittr.otttv.pw/iptv/TH7AMEND7RFRKH77776RQDDT/221/index.m3u8
MTV Live,https://smart.dxjc.pp.ua/smart.php?id=mtvhd_twn&token=tmxk
MTV Live,https://smart.946985.filegear-sg.me/smart.php?id=mtvhd_twn
MTV Live,https://live.catvod.com/live.php?id=mtvhd_twn
MTV Live,http://free.cnlive.club/channel/731620b3/index.m3u8
靖天卡通台,http://clawcloud.goiptv.de5.net/litv.php?id=4gtv-4gtv044&token=xiatianshigou
卫视电影台,https://smart.dxjc.pp.ua/smart.php?id=weishimovie_twn&token=tmxk
美亚电影,http://zjrtv.vip/live/?tbs=mydy
美亚电影,http://php.jdshipin.com:8880/smt.php?id=meiyamovie_twn
美亚电影,https://smt.1678520.xyz/smt3.2.1.php?id=meiyamovie_twn
美亚电影,https://cdn9.163189.xyz/smt3.1.1.php?id=meiyamovie_twn
美亚电影,https://cdn9.163189.xyz/smt1.1.php?id=meiyamovie_twn
爱尔达影剧台,https://smart.dxjc.pp.ua/smart.php?id=eltayingju_twn&token=tmxk
爱尔达综合台,https://smart.dxjc.pp.ua/smart.php?id=eltazonghe_twn&token=tmxk
AFC 亚洲旅游台,https://smart.dxjc.pp.ua/smart.php?id=asiatravel_twn&token=tmxk
浙江钱江,https://ali-m-l.cztv.com/channels/lantian/channel002/1080p.m3u8
浙江钱江,http://ali-m-l.cztv.com/channels/lantian/channel002/1080p.m3u8?zzhed
浙江钱江,http://ali-m-l.cztv.com/channels/lantian/channel002/720p.m3u8
浙江钱江,https://stream1.freetv.fun/zhe-jiang-qian-jiang-du-shi-4.ctv
浙江钱江,https://stream1.freetv.fun/zhe-jiang-qian-jiang-du-shi-3.ctv
浙江钱江都市,http://ali-xwl.cztv.com/live/channel021080Plxw.m3u8
浙江钱江都市,http://ali-xwl.cztv.com/live/channel02720Plxw.m3u8
浙江钱江都市,http://ali-m-l.cztv.com/channels/lantian/channel002/1080p.m3u8
浙江钱江都市,https://t.freetv.fun/live/zhe-jiang-qian-jiang-du-shi-1.m3u8
浙江钱江都市,https://t.freetv.fun/live/zhe-jiang-qian-jiang-du-shi-2.m3u8
浙江生活,https://stream1.freetv.fun/zhe-jiang-jing-ji-sheng-huo-1.ctv
浙江生活,https://stream1.freetv.fun/zhe-jiang-jing-ji-sheng-huo-7.ctv
浙江生活,https://stream1.freetv.fun/zhe-jiang-jing-ji-sheng-huo-8.ctv
浙江生活,http://ls.qingting.fm/live/1099.m3u8
浙江经济生活,http://ali-xwl.cztv.com/live/channel031080Plxw.m3u8
浙江经济生活,http://ali-xwl.cztv.com/live/channel03720Plxw.m3u8
浙江经济生活,http://ali-m-l.cztv.com/channels/lantian/channel003/720p.m3u8
浙江经济生活,http://ls.qingting.fm/live/1099.m3u8
浙江经济生活,https://t.freetv.fun/live/zhe-jiang-jing-ji-sheng-huo-2.m3u8
浙江教育,https://ali-m-l.cztv.com/channels/lantian/channel004/1080p.m3u8
浙江教育,https://ali-m-l.cztv.com/channels/lantian/channel004/1080p.m3u8
浙江教育,http://ali-m-l.cztv.com/channels/lantian/channel04/720p.m3u8
浙江民生,http://223.95.198.3:8000/hls/51/index.m3u8
浙江民生,http://ali-m-l.cztv.com/channels/lantian/channel06/1080p.m3u8
浙江民生,http://ali-m-l.cztv.com/channels/lantian/channel06/720p.m3u8
浙江民生,http://ali-m-l.cztv.com/channels/lantian/channel006/1080p.m3u8
浙江民生,http://ali-m-l.cztv.com/channels/lantian/channel006/720p.m3u8
浙江新闻,http://ali-xwl.cztv.com/live/channel071080Plxw.m3u8
浙江新闻,http://ali-xwl.cztv.com/live/channel07720Plxw.m3u8
浙江新闻,http://223.95.198.3:8000/hls/50/index.m3u8
浙江新闻,http://ali-m-l.cztv.com/channels/lantian/channel07/720p.m3u8
浙江新闻,http://ali-m-l.cztv.com/channels/lantian/channel007/720p.m3u8
杭州综合,https://stream1.freetv.fun/hang-zhou-zong-he-3.ctv
杭州综合,https://stream1.freetv.fun/hang-zhou-zong-he-2.ctv
杭州综合,http://hwltc.tv.cdn.zj.chinamobile.com/PLTV/88888888/224/3221230497/index.m3u8
杭州明珠,https://stream1.freetv.fun/hang-zhou-ming-zhu-2.ctv
杭州明珠,https://stream1.freetv.fun/hang-zhou-ming-zhu-1.ctv
杭州生活,https://stream1.freetv.fun/hang-zhou-sheng-huo-1.ctv
杭州生活,https://stream1.freetv.fun/hang-zhou-sheng-huo-2.ctv
杭州生活,https://stream1.freetv.fun/hang-zhou-sheng-huo-3.ctv
杭州生活,http://hwltc.tv.cdn.zj.chinamobile.com/PLTV/88888888/224/3221230472/index.m3u8
杭州影视,https://stream1.freetv.fun/hang-zhou-ying-shi-2.ctv
杭州影视,http://hwltc.tv.cdn.zj.chinamobile.com/PLTV/88888888/224/3221230500/index.m3u8
杭州导视,http://hwltc.tv.cdn.zj.chinamobile.com/PLTV/88888888/224/3221230469/index.m3u8
NBTV-1,http://223.95.198.3:8000/hls/48/index.m3u8
NBTV-2,http://223.95.198.3:8000/hls/49/index.m3u8
浙江经济,https://ali-m-l.cztv.com/channels/lantian/channel003/1080p.m3u8
浙江经济,https://ali-m-l.cztv.com/channels/lantian/channel003/1080p.m3u8
浙江经济,http://ali-m-l.cztv.com/channels/lantian/channel03/720p.m3u8
之江纪录,http://ali-m-l.cztv.com/channels/lantian/channel012/1080p.m3u8
之江纪录,https://ali-m-l.cztv.com/channels/lantian/channel012/1080p.m3u8
之江纪录,https://ali-m-l.cztv.com/channels/lantian/channel12/720p.m3u8
浙江国际,http://ali-xwl.cztv.com/live/channel101080Plxw.m3u8
浙江国际,https://ali-m-l.cztv.com/channels/lantian/channel010/1080p.m3u8?#http://ali-m-l.cztv.com/channels/lantian/channel010/1080p.m3u8
浙江国际,http://ali-xwl.cztv.com/live/channel10720Plxw.m3u8
浙江国际,http://ali-m-l.cztv.com/channels/lantian/channel010/1080p.m3u8
浙江国际,http://ali-m-l.cztv.com/channels/lantian/channel010/720p.m3u8
嘉兴新闻综合,http://live.zohi.tv/video/s10001-fztv-1/index.m3u8
嘉兴公共,http://hwltc.tv.cdn.zj.chinamobile.com/PLTV/88888888/224/3221235460/1/index.m3u8?fmt=ts2hls
丽水公共,http://hwltc.tv.cdn.zj.chinamobile.com/PLTV/88888888/224/3221235524/1/index.m3u8?fmt=ts2hls
丽水公共,http://hwltc.tv.cdn.zj.chinamobile.com/PLTV/88888888/224/3221235525/1/index.m3u8?fmt=ts2hls
丽水新闻,http://hwltc.tv.cdn.zj.chinamobile.com/PLTV/88888888/224/3221235523/1/index.m3u8?fmt=ts2hls
湖州公共,https://stream1.freetv.fun/hu-zhou-gong-gong-9.m3u8
湖州公共,https://stream1.freetv.fun/hu-zhou-gong-gong-3.m3u8
湖州公共,https://stream1.freetv.fun/hu-zhou-gong-gong-1.m3u8
湖州公共,https://t.freetv.fun/live/hu-zhou-gong-gong-1.m3u8
湖州公共,https://t.freetv.fun/live/hu-zhou-gong-gong-2.m3u8
湖州新闻综合,http://hzcm-live.media.hugd.com/3f5fa7d64c7c46a38c6bd8ad35e836cc/65128273761b4731ae53729ea6dcf932.m3u8?auth_key=2277598215-9d21c15111244bea8d298c361d31a72e-0-d031198f58d44b0e91ba2e3f3b188865
湖州文化娱乐,http://hzcm-live.media.hugd.com/613c47f0ab0d4eaa98b21378d0db6ded/0051d31c9dd543a7825eea4e49675b2a.m3u8?auth_key=2277598059-0a5ebfa1c0dc4671b42a60810fc37039-0-fa625b7d1feab612062453c12e3c8887
衢州公共,http://hwltc.tv.cdn.zj.chinamobile.com/PLTV/88888888/224/3221235443/1/index.m3u8?fmt=ts2hls
金华公共,http://hwltc.tv.cdn.zj.chinamobile.com/PLTV/88888888/224/3221236605/1082207617.smil/index.m3u8?fmt=ts2hls
舟山公共,http://hwltc.tv.cdn.zj.chinamobile.com/PLTV/88888888/224/3221235445/1/index.m3u8?fmt=ts2hls
浙江民生休闲,http://ali-xwl.cztv.com/live/channel061080Plxw.m3u8
浙江民生休闲,http://ali-xwl.cztv.com/live/channel06720Plxw.m3u8
浙江民生休闲,https://stream1.freetv.fun/zhe-jiang-min-sheng-10.m3u8
浙江民生休闲,https://stream1.freetv.fun/zhe-jiang-min-sheng-2.m3u8
浙江民生休闲,https://stream1.freetv.fun/zhe-jiang-min-sheng-5.m3u8
浙江数码时代,http://ali-m-l.cztv.com/channels/lantian/channel12/720p.m3u8
浙江公共新闻,https://stream1.freetv.fun/zhe-jiang-gong-gong-xin-wen-1.m3u8
浙江公共新闻,https://stream1.freetv.fun/zhe-jiang-gong-gong-xin-wen-1.ctv
浙江公共新闻,https://stream1.freetv.fun/zhe-jiang-gong-gong-xin-wen-2.ctv
浙江公共新闻,https://t.freetv.fun/live/zhe-jiang-gong-gong-xin-wen-1.m3u8
浙江遂昌,http://l.cztvcloud.com/channels/lantian/SXsuichang1/720p.m3u8
诸暨新闻综合,http://l.cztvcloud.com/channels/lantian/SXzhuji3/720p.m3u8?zzhed
诸暨新闻综合,http://l.cztvcloud.com/channels/lantian/SXzhuji3/720p.m3u8
诸暨新闻综合,https://l.cztvcloud.com/channels/lantian/SXzhuji3/720p.m3u8
