Category: 央视频道, Name: CCTV-1, Total: 14, Valid: 14, Valid Percent: 100.00%, Whitelist: 0, IPv4: 14, IPv6: 0, Min Delay: 34 ms, Max Speed: 17.46 M/s, Avg Speed: 2.06 M/s, Max Resolution: 1920x1080
Category: 央视频道, Name: CCTV-2, Total: 12, Valid: 11, Valid Percent: 91.67%, Whitelist: 0, IPv4: 12, IPv6: 0, Min Delay: 32 ms, Max Speed: 17.45 M/s, Avg Speed: 2.53 M/s, Max Resolution: 1920x1080
Category: 央视频道, Name: CCTV-3, Total: 29, Valid: 29, Valid Percent: 100.00%, Whitelist: 0, IPv4: 29, IPv6: 0, Min Delay: 32 ms, Max Speed: 16.97 M/s, Avg Speed: 1.27 M/s, Max Resolution: 1920x1080
Category: 央视频道, Name: CCTV-4, Total: 10, Valid: 10, Valid Percent: 100.00%, Whitelist: 0, IPv4: 10, IPv6: 0, Min Delay: 32 ms, Max Speed: 19.59 M/s, Avg Speed: 2.63 M/s, Max Resolution: 1920x1080
Category: 央视频道, Name: CCTV-5, Total: 3, Valid: 3, Valid Percent: 100.00%, Whitelist: 0, IPv4: 3, IPv6: 0, Min Delay: 28 ms, Max Speed: 19.65 M/s, Avg Speed: 7.12 M/s, Max Resolution: 1920x1080
Category: 央视频道, Name: CCTV-5+, Total: 26, Valid: 25, Valid Percent: 96.15%, Whitelist: 0, IPv4: 26, IPv6: 0, Min Delay: 27 ms, Max Speed: 20.03 M/s, Avg Speed: 1.28 M/s, Max Resolution: 1920x1080
Category: 央视频道, Name: CCTV-6, Total: 4, Valid: 4, Valid Percent: 100.00%, Whitelist: 0, IPv4: 4, IPv6: 0, Min Delay: 29 ms, Max Speed: 19.56 M/s, Avg Speed: 5.24 M/s, Max Resolution: 1920x1080
Category: 央视频道, Name: CCTV-7, Total: 12, Valid: 12, Valid Percent: 100.00%, Whitelist: 0, IPv4: 12, IPv6: 0, Min Delay: 34 ms, Max Speed: 17.81 M/s, Avg Speed: 2.31 M/s, Max Resolution: 1920x1080
Category: 央视频道, Name: CCTV-8, Total: 6, Valid: 6, Valid Percent: 100.00%, Whitelist: 0, IPv4: 6, IPv6: 0, Min Delay: 38 ms, Max Speed: 15.54 M/s, Avg Speed: 4.15 M/s, Max Resolution: 1920x1080
Category: 央视频道, Name: CCTV-9, Total: 24, Valid: 24, Valid Percent: 100.00%, Whitelist: 0, IPv4: 24, IPv6: 0, Min Delay: 42 ms, Max Speed: 15.81 M/s, Avg Speed: 1.04 M/s, Max Resolution: 1920x1080
Category: 央视频道, Name: CCTV-10, Total: 19, Valid: 19, Valid Percent: 100.00%, Whitelist: 0, IPv4: 19, IPv6: 0, Min Delay: 37 ms, Max Speed: 16.29 M/s, Avg Speed: 1.28 M/s, Max Resolution: 1920x1080
Category: 央视频道, Name: CCTV-11, Total: 19, Valid: 19, Valid Percent: 100.00%, Whitelist: 0, IPv4: 19, IPv6: 0, Min Delay: 33 ms, Max Speed: 19.38 M/s, Avg Speed: 1.45 M/s, Max Resolution: 1920x1080
Category: 央视频道, Name: CCTV-12, Total: 20, Valid: 20, Valid Percent: 100.00%, Whitelist: 0, IPv4: 20, IPv6: 0, Min Delay: 30 ms, Max Speed: 18.80 M/s, Avg Speed: 1.95 M/s, Max Resolution: 1920x1080
Category: 央视频道, Name: CCTV-13, Total: 7, Valid: 7, Valid Percent: 100.00%, Whitelist: 0, IPv4: 7, IPv6: 0, Min Delay: 30 ms, Max Speed: 18.52 M/s, Avg Speed: 3.85 M/s, Max Resolution: 1920x1080
Category: 央视频道, Name: CCTV-14, Total: 24, Valid: 23, Valid Percent: 95.83%, Whitelist: 0, IPv4: 24, IPv6: 0, Min Delay: 39 ms, Max Speed: 16.15 M/s, Avg Speed: 1.36 M/s, Max Resolution: 1920x1080
Category: 央视频道, Name: CCTV-15, Total: 24, Valid: 23, Valid Percent: 95.83%, Whitelist: 0, IPv4: 24, IPv6: 0, Min Delay: 36 ms, Max Speed: 16.81 M/s, Avg Speed: 1.37 M/s, Max Resolution: 1920x1080
Category: 央视频道, Name: CCTV-16, Total: 26, Valid: 25, Valid Percent: 96.15%, Whitelist: 0, IPv4: 26, IPv6: 0, Min Delay: 29 ms, Max Speed: 19.45 M/s, Avg Speed: 1.72 M/s, Max Resolution: 3840x2160
Category: 央视频道, Name: CCTV-17, Total: 10, Valid: 10, Valid Percent: 100.00%, Whitelist: 0, IPv4: 10, IPv6: 0, Min Delay: 31 ms, Max Speed: 17.86 M/s, Avg Speed: 2.71 M/s, Max Resolution: 1920x1080
Category: 央视频道, Name: CETV-1, Total: 3, Valid: 2, Valid Percent: 66.67%, Whitelist: 0, IPv4: 3, IPv6: 0, Min Delay: 33 ms, Max Speed: 17.64 M/s, Avg Speed: 8.87 M/s, Max Resolution: 1920x1080
Category: 央视频道, Name: CETV-2, Total: 2, Valid: 2, Valid Percent: 100.00%, Whitelist: 0, IPv4: 2, IPv6: 0, Min Delay: 34 ms, Max Speed: 17.69 M/s, Avg Speed: 8.98 M/s, Max Resolution: 1920x1080
Category: 央视频道, Name: CETV-3, Total: 4, Valid: 4, Valid Percent: 100.00%, Whitelist: 0, IPv4: 4, IPv6: 0, Min Delay: 360 ms, Max Speed: 1.54 M/s, Avg Speed: 0.89 M/s, Max Resolution: 1280x720
Category: 央视频道, Name: CETV-4, Total: 2, Valid: 1, Valid Percent: 50.00%, Whitelist: 0, IPv4: 2, IPv6: 0, Min Delay: 10 ms, Max Speed: 12.32 M/s, Avg Speed: 12.32 M/s, Max Resolution: None
Category: 央视频道, Name: CCTV-4K, Total: 9, Valid: 7, Valid Percent: 77.78%, Whitelist: 0, IPv4: 9, IPv6: 0, Min Delay: 31 ms, Max Speed: 20.16 M/s, Avg Speed: 3.16 M/s, Max Resolution: 3840x2160
Category: 央视频道, Name: 老故事, Total: 5, Valid: 4, Valid Percent: 80.00%, Whitelist: 0, IPv4: 5, IPv6: 0, Min Delay: 33 ms, Max Speed: 18.72 M/s, Avg Speed: 4.83 M/s, Max Resolution: 1920x1080
Category: 央视频道, Name: 发现之旅, Total: 2, Valid: 1, Valid Percent: 50.00%, Whitelist: 0, IPv4: 2, IPv6: 0, Min Delay: 510 ms, Max Speed: 0.01 M/s, Avg Speed: 0.01 M/s, Max Resolution: 720x576
Category: 央视频道, Name: 中学生, Total: 6, Valid: 5, Valid Percent: 83.33%, Whitelist: 0, IPv4: 6, IPv6: 0, Min Delay: 38 ms, Max Speed: 17.29 M/s, Avg Speed: 3.67 M/s, Max Resolution: 1920x1080
Category: 央视频道, Name: 法治天地, Total: 2, Valid: 1, Valid Percent: 50.00%, Whitelist: 0, IPv4: 2, IPv6: 0, Min Delay: 533 ms, Max Speed: 37.44 M/s, Avg Speed: 37.44 M/s, Max Resolution: 1920x1080
Category: 全国卫视, Name: 湖北卫视, Total: 25, Valid: 24, Valid Percent: 96.00%, Whitelist: 0, IPv4: 25, IPv6: 0, Min Delay: 6 ms, Max Speed: 17.52 M/s, Avg Speed: 2.14 M/s, Max Resolution: 1920x1080
Category: 全国卫视, Name: 湖南卫视, Total: 16, Valid: 16, Valid Percent: 100.00%, Whitelist: 0, IPv4: 16, IPv6: 0, Min Delay: 6 ms, Max Speed: 18.06 M/s, Avg Speed: 2.70 M/s, Max Resolution: 3840x2160
Category: 全国卫视, Name: 北京卫视, Total: 23, Valid: 23, Valid Percent: 100.00%, Whitelist: 0, IPv4: 23, IPv6: 0, Min Delay: 31 ms, Max Speed: 18.82 M/s, Avg Speed: 1.56 M/s, Max Resolution: 3840x2160
Category: 全国卫视, Name: 浙江卫视, Total: 29, Valid: 29, Valid Percent: 100.00%, Whitelist: 0, IPv4: 29, IPv6: 0, Min Delay: 8 ms, Max Speed: 19.40 M/s, Avg Speed: 1.83 M/s, Max Resolution: 1920x1080
Category: 全国卫视, Name: 山东卫视, Total: 32, Valid: 32, Valid Percent: 100.00%, Whitelist: 0, IPv4: 32, IPv6: 0, Min Delay: 32 ms, Max Speed: 17.04 M/s, Avg Speed: 0.97 M/s, Max Resolution: 1920x1080
Category: 全国卫视, Name: 天津卫视, Total: 25, Valid: 25, Valid Percent: 100.00%, Whitelist: 0, IPv4: 25, IPv6: 0, Min Delay: 30 ms, Max Speed: 19.92 M/s, Avg Speed: 1.51 M/s, Max Resolution: 1920x1080
Category: 全国卫视, Name: 深圳卫视, Total: 22, Valid: 22, Valid Percent: 100.00%, Whitelist: 0, IPv4: 22, IPv6: 0, Min Delay: 31 ms, Max Speed: 19.26 M/s, Avg Speed: 1.17 M/s, Max Resolution: 1920x1080
Category: 全国卫视, Name: 重庆卫视, Total: 28, Valid: 28, Valid Percent: 100.00%, Whitelist: 0, IPv4: 28, IPv6: 0, Min Delay: 28 ms, Max Speed: 19.37 M/s, Avg Speed: 1.18 M/s, Max Resolution: 1920x1080
Category: 全国卫视, Name: 东方卫视, Total: 27, Valid: 27, Valid Percent: 100.00%, Whitelist: 0, IPv4: 27, IPv6: 0, Min Delay: 26 ms, Max Speed: 20.74 M/s, Avg Speed: 1.41 M/s, Max Resolution: 1920x1080
Category: 全国卫视, Name: 安徽卫视, Total: 25, Valid: 25, Valid Percent: 100.00%, Whitelist: 0, IPv4: 25, IPv6: 0, Min Delay: 31 ms, Max Speed: 19.60 M/s, Avg Speed: 1.17 M/s, Max Resolution: 1920x1080
Category: 全国卫视, Name: 东南卫视, Total: 27, Valid: 27, Valid Percent: 100.00%, Whitelist: 0, IPv4: 27, IPv6: 0, Min Delay: 6 ms, Max Speed: 16.87 M/s, Avg Speed: 1.82 M/s, Max Resolution: 1920x1080
Category: 全国卫视, Name: 广东卫视, Total: 29, Valid: 29, Valid Percent: 100.00%, Whitelist: 0, IPv4: 29, IPv6: 0, Min Delay: 7 ms, Max Speed: 254.59 M/s, Avg Speed: 10.55 M/s, Max Resolution: 3840x2160
Category: 全国卫视, Name: 贵州卫视, Total: 27, Valid: 27, Valid Percent: 100.00%, Whitelist: 0, IPv4: 27, IPv6: 0, Min Delay: 7 ms, Max Speed: 16.21 M/s, Avg Speed: 1.83 M/s, Max Resolution: 1920x1080
Category: 全国卫视, Name: 河北卫视, Total: 23, Valid: 23, Valid Percent: 100.00%, Whitelist: 0, IPv4: 23, IPv6: 0, Min Delay: 33 ms, Max Speed: 18.78 M/s, Avg Speed: 1.19 M/s, Max Resolution: 1920x1080
Category: 全国卫视, Name: 黑龙江卫视, Total: 25, Valid: 25, Valid Percent: 100.00%, Whitelist: 0, IPv4: 25, IPv6: 0, Min Delay: 6 ms, Max Speed: 18.16 M/s, Avg Speed: 2.21 M/s, Max Resolution: 1920x1080
Category: 全国卫视, Name: 吉林卫视, Total: 27, Valid: 27, Valid Percent: 100.00%, Whitelist: 0, IPv4: 27, IPv6: 0, Min Delay: 7 ms, Max Speed: 15.98 M/s, Avg Speed: 1.88 M/s, Max Resolution: 1920x1080
Category: 全国卫视, Name: 江苏卫视, Total: 31, Valid: 31, Valid Percent: 100.00%, Whitelist: 0, IPv4: 31, IPv6: 0, Min Delay: 6 ms, Max Speed: 18.93 M/s, Avg Speed: 1.48 M/s, Max Resolution: 1920x1080
Category: 全国卫视, Name: 江西卫视, Total: 23, Valid: 22, Valid Percent: 95.65%, Whitelist: 0, IPv4: 23, IPv6: 0, Min Delay: 35 ms, Max Speed: 17.31 M/s, Avg Speed: 1.36 M/s, Max Resolution: 1920x1080
Category: 全国卫视, Name: 辽宁卫视, Total: 25, Valid: 25, Valid Percent: 100.00%, Whitelist: 0, IPv4: 25, IPv6: 0, Min Delay: 36 ms, Max Speed: 17.29 M/s, Avg Speed: 0.96 M/s, Max Resolution: 1920x1080
Category: 全国卫视, Name: 大湾区卫视, Total: 5, Valid: 5, Valid Percent: 100.00%, Whitelist: 0, IPv4: 5, IPv6: 0, Min Delay: 31 ms, Max Speed: 17.96 M/s, Avg Speed: 4.11 M/s, Max Resolution: 1920x1080
Category: 全国卫视, Name: 云南卫视, Total: 17, Valid: 17, Valid Percent: 100.00%, Whitelist: 0, IPv4: 17, IPv6: 0, Min Delay: 29 ms, Max Speed: 20.16 M/s, Avg Speed: 1.76 M/s, Max Resolution: 1920x1080
Category: 全国卫视, Name: 河南卫视, Total: 23, Valid: 23, Valid Percent: 100.00%, Whitelist: 0, IPv4: 23, IPv6: 0, Min Delay: 35 ms, Max Speed: 17.71 M/s, Avg Speed: 1.76 M/s, Max Resolution: 1920x1080
Category: 全国卫视, Name: 广西卫视, Total: 16, Valid: 16, Valid Percent: 100.00%, Whitelist: 0, IPv4: 16, IPv6: 0, Min Delay: 44 ms, Max Speed: 15.33 M/s, Avg Speed: 1.27 M/s, Max Resolution: 1920x1080
Category: 全国卫视, Name: 四川卫视, Total: 19, Valid: 19, Valid Percent: 100.00%, Whitelist: 0, IPv4: 19, IPv6: 0, Min Delay: 38 ms, Max Speed: 17.04 M/s, Avg Speed: 1.40 M/s, Max Resolution: 3840x2160
Category: 全国卫视, Name: 新疆卫视, Total: 14, Valid: 14, Valid Percent: 100.00%, Whitelist: 0, IPv4: 14, IPv6: 0, Min Delay: 37 ms, Max Speed: 17.21 M/s, Avg Speed: 1.43 M/s, Max Resolution: 1920x1080
Category: 全国卫视, Name: 兵团卫视, Total: 4, Valid: 4, Valid Percent: 100.00%, Whitelist: 0, IPv4: 4, IPv6: 0, Min Delay: 37 ms, Max Speed: 15.70 M/s, Avg Speed: 4.17 M/s, Max Resolution: 1920x1080
Category: 全国卫视, Name: 西藏卫视, Total: 18, Valid: 18, Valid Percent: 100.00%, Whitelist: 0, IPv4: 18, IPv6: 0, Min Delay: 33 ms, Max Speed: 18.32 M/s, Avg Speed: 1.28 M/s, Max Resolution: 1920x1080
Category: 全国卫视, Name: 海南卫视, Total: 14, Valid: 14, Valid Percent: 100.00%, Whitelist: 0, IPv4: 14, IPv6: 0, Min Delay: 7 ms, Max Speed: 19.55 M/s, Avg Speed: 2.78 M/s, Max Resolution: 1920x1080
Category: 全国卫视, Name: 三沙卫视, Total: 12, Valid: 11, Valid Percent: 91.67%, Whitelist: 0, IPv4: 12, IPv6: 0, Min Delay: 34 ms, Max Speed: 16.30 M/s, Avg Speed: 1.71 M/s, Max Resolution: 1920x1080
Category: 全国卫视, Name: 农林卫视, Total: 5, Valid: 5, Valid Percent: 100.00%, Whitelist: 0, IPv4: 5, IPv6: 0, Min Delay: 952 ms, Max Speed: 0.95 M/s, Avg Speed: 0.52 M/s, Max Resolution: 720x576
Category: 全国卫视, Name: 内蒙古卫视, Total: 7, Valid: 7, Valid Percent: 100.00%, Whitelist: 0, IPv4: 7, IPv6: 0, Min Delay: 38 ms, Max Speed: 15.98 M/s, Avg Speed: 3.03 M/s, Max Resolution: 1920x1080
Category: 全国卫视, Name: 厦门卫视, Total: 23, Valid: 11, Valid Percent: 47.83%, Whitelist: 0, IPv4: 23, IPv6: 0, Min Delay: 517 ms, Max Speed: 4.74 M/s, Avg Speed: 1.06 M/s, Max Resolution: 1920x1080
Category: 全国卫视, Name: 宁夏卫视, Total: 18, Valid: 18, Valid Percent: 100.00%, Whitelist: 0, IPv4: 18, IPv6: 0, Min Delay: 6 ms, Max Speed: 16.45 M/s, Avg Speed: 2.75 M/s, Max Resolution: 1920x1080
Category: 全国卫视, Name: 甘肃卫视, Total: 20, Valid: 19, Valid Percent: 95.00%, Whitelist: 0, IPv4: 20, IPv6: 0, Min Delay: 40 ms, Max Speed: 15.34 M/s, Avg Speed: 1.54 M/s, Max Resolution: 1920x1080
Category: 全国卫视, Name: 青海卫视, Total: 22, Valid: 21, Valid Percent: 95.45%, Whitelist: 0, IPv4: 22, IPv6: 0, Min Delay: 7 ms, Max Speed: 14.70 M/s, Avg Speed: 1.98 M/s, Max Resolution: 1920x1080
Category: 全国卫视, Name: 山西卫视, Total: 14, Valid: 12, Valid Percent: 85.71%, Whitelist: 0, IPv4: 14, IPv6: 0, Min Delay: 7 ms, Max Speed: 17.36 M/s, Avg Speed: 3.37 M/s, Max Resolution: 1920x1080
Category: 全国卫视, Name: 陕西卫视, Total: 17, Valid: 17, Valid Percent: 100.00%, Whitelist: 0, IPv4: 17, IPv6: 0, Min Delay: 36 ms, Max Speed: 17.03 M/s, Avg Speed: 2.27 M/s, Max Resolution: 1920x1080
Category: 全国卫视, Name: 海峡卫视, Total: 3, Valid: 3, Valid Percent: 100.00%, Whitelist: 0, IPv4: 3, IPv6: 0, Min Delay: 753 ms, Max Speed: 0.46 M/s, Avg Speed: 0.33 M/s, Max Resolution: 1920x1080
Category: 全国卫视, Name: 延边卫视, Total: 3, Valid: 3, Valid Percent: 100.00%, Whitelist: 0, IPv4: 3, IPv6: 0, Min Delay: 7 ms, Max Speed: 17.05 M/s, Avg Speed: 10.69 M/s, Max Resolution: 1920x1080
Category: 全国卫视, Name: 康巴卫视, Total: 4, Valid: 2, Valid Percent: 50.00%, Whitelist: 0, IPv4: 4, IPv6: 0, Min Delay: 870 ms, Max Speed: 0.06 M/s, Avg Speed: 0.06 M/s, Max Resolution: 1920x1080
Category: 全国卫视, Name: 安多卫视, Total: 12, Valid: 1, Valid Percent: 8.33%, Whitelist: 0, IPv4: 12, IPv6: 0, Min Delay: 10004 ms, Max Speed: 0.46 M/s, Avg Speed: 0.46 M/s, Max Resolution: 1920x1080
Category: 全国卫视, Name: 人间卫视, Total: 2, Valid: 2, Valid Percent: 100.00%, Whitelist: 0, IPv4: 2, IPv6: 0, Min Delay: 6125 ms, Max Speed: 0.25 M/s, Avg Speed: 0.23 M/s, Max Resolution: 1280x720
Category: 全国卫视, Name: 凤凰卫视, Total: 1, Valid: 1, Valid Percent: 100.00%, Whitelist: 0, IPv4: 1, IPv6: 0, Min Delay: 10177 ms, Max Speed: 0.59 M/s, Avg Speed: 0.59 M/s, Max Resolution: 1920x1080
Category: 全国卫视, Name: 南方卫视, Total: 3, Valid: 3, Valid Percent: 100.00%, Whitelist: 0, IPv4: 3, IPv6: 0, Min Delay: 10094 ms, Max Speed: 0.09 M/s, Avg Speed: 0.06 M/s, Max Resolution: 720x576
Category: 全国卫视, Name: 山东教育卫视, Total: 2, Valid: 2, Valid Percent: 100.00%, Whitelist: 0, IPv4: 2, IPv6: 0, Min Delay: 962 ms, Max Speed: 0.95 M/s, Avg Speed: 0.49 M/s, Max Resolution: 1920x1080
Category: 全国卫视, Name: 莲花卫视, Total: 1, Valid: 1, Valid Percent: 100.00%, Whitelist: 0, IPv4: 1, IPv6: 0, Min Delay: 542 ms, Max Speed: 0.45 M/s, Avg Speed: 0.45 M/s, Max Resolution: 1920x1080
Category: 全国卫视, Name: 香港卫视, Total: 3, Valid: 1, Valid Percent: 33.33%, Whitelist: 0, IPv4: 3, IPv6: 0, Min Delay: 3 ms, Max Speed: 77.01 M/s, Avg Speed: 77.01 M/s, Max Resolution: 19x24
Category: 全国卫视, Name: 魅力时尚, Total: 1, Valid: 1, Valid Percent: 100.00%, Whitelist: 0, IPv4: 1, IPv6: 0, Min Delay: 10171 ms, Max Speed: 0.05 M/s, Avg Speed: 0.05 M/s, Max Resolution: 1920x1080
Category: 全国卫视, Name: 纪实人文, Total: 3, Valid: 0, Valid Percent: 0.00%, Whitelist: 0, IPv4: 3, IPv6: 0, Min Delay: 506 ms, Max Speed: 0.00 M/s, Avg Speed: 0.00 M/s, Max Resolution: None
Category: 全国卫视, Name: 纪实科教, Total: 1, Valid: 0, Valid Percent: 0.00%, Whitelist: 0, IPv4: 1, IPv6: 0, Min Delay: 10323 ms, Max Speed: 0.00 M/s, Avg Speed: 0.00 M/s, Max Resolution: 1920x1080
Category: 全国卫视, Name: 山东教育, Total: 1, Valid: 1, Valid Percent: 100.00%, Whitelist: 0, IPv4: 1, IPv6: 0, Min Delay: 37 ms, Max Speed: 16.24 M/s, Avg Speed: 16.24 M/s, Max Resolution: 1920x1080
Category: 全国卫视, Name: 黑龙江影视, Total: 1, Valid: 1, Valid Percent: 100.00%, Whitelist: 0, IPv4: 1, IPv6: 0, Min Delay: 569 ms, Max Speed: 0.58 M/s, Avg Speed: 0.58 M/s, Max Resolution: 1920x1080
Category: 全国卫视, Name: 黑龙江新闻法治, Total: 2, Valid: 2, Valid Percent: 100.00%, Whitelist: 0, IPv4: 2, IPv6: 0, Min Delay: 6 ms, Max Speed: 18.05 M/s, Avg Speed: 15.26 M/s, Max Resolution: None
Category: 全国卫视, Name: 黑龙江文体, Total: 1, Valid: 1, Valid Percent: 100.00%, Whitelist: 0, IPv4: 1, IPv6: 0, Min Delay: 1140 ms, Max Speed: 0.54 M/s, Avg Speed: 0.54 M/s, Max Resolution: 1920x1080
Category: 全国卫视, Name: 黑龙江都市, Total: 1, Valid: 1, Valid Percent: 100.00%, Whitelist: 0, IPv4: 1, IPv6: 0, Min Delay: 1126 ms, Max Speed: 0.53 M/s, Avg Speed: 0.53 M/s, Max Resolution: 1920x1080
Category: 全国卫视, Name: 黑龙江农业科教, Total: 1, Valid: 1, Valid Percent: 100.00%, Whitelist: 0, IPv4: 1, IPv6: 0, Min Delay: 824 ms, Max Speed: 0.56 M/s, Avg Speed: 0.56 M/s, Max Resolution: 1920x1080
Category: 全国卫视, Name: 黑龙江少儿, Total: 2, Valid: 1, Valid Percent: 50.00%, Whitelist: 0, IPv4: 2, IPv6: 0, Min Delay: 604 ms, Max Speed: 0.46 M/s, Avg Speed: 0.46 M/s, Max Resolution: 1920x1080
Category: 全国卫视, Name: 哈尔滨综合, Total: 1, Valid: 1, Valid Percent: 100.00%, Whitelist: 0, IPv4: 1, IPv6: 0, Min Delay: 10710 ms, Max Speed: 0.02 M/s, Avg Speed: 0.02 M/s, Max Resolution: None
Category: 全国卫视, Name: 哈尔滨影视, Total: 1, Valid: 1, Valid Percent: 100.00%, Whitelist: 0, IPv4: 1, IPv6: 0, Min Delay: 8229 ms, Max Speed: 0.56 M/s, Avg Speed: 0.56 M/s, Max Resolution: 1920x1080
Category: 全国卫视, Name: 哈尔滨生活, Total: 1, Valid: 1, Valid Percent: 100.00%, Whitelist: 0, IPv4: 1, IPv6: 0, Min Delay: 10879 ms, Max Speed: 0.37 M/s, Avg Speed: 0.37 M/s, Max Resolution: 1920x1080
Category: 全国卫视, Name: 上海新闻综合, Total: 1, Valid: 1, Valid Percent: 100.00%, Whitelist: 0, IPv4: 1, IPv6: 0, Min Delay: 33 ms, Max Speed: 16.36 M/s, Avg Speed: 16.36 M/s, Max Resolution: 1920x1080
Category: 全国卫视, Name: 上海第一财经, Total: 3, Valid: 3, Valid Percent: 100.00%, Whitelist: 0, IPv4: 3, IPv6: 0, Min Delay: 6 ms, Max Speed: 16.79 M/s, Avg Speed: 14.94 M/s, Max Resolution: 1920x1080
Category: 全国卫视, Name: 江苏城市频道, Total: 1, Valid: 1, Valid Percent: 100.00%, Whitelist: 0, IPv4: 1, IPv6: 0, Min Delay: 2921 ms, Max Speed: 0.00 M/s, Avg Speed: 0.00 M/s, Max Resolution: None
Category: 全国卫视, Name: 江苏教育, Total: 1, Valid: 1, Valid Percent: 100.00%, Whitelist: 0, IPv4: 1, IPv6: 0, Min Delay: 40 ms, Max Speed: 16.58 M/s, Avg Speed: 16.58 M/s, Max Resolution: 1920x1080
Category: 全国卫视, Name: 连云港新闻综合, Total: 1, Valid: 1, Valid Percent: 100.00%, Whitelist: 0, IPv4: 1, IPv6: 0, Min Delay: 34 ms, Max Speed: 17.36 M/s, Avg Speed: 17.36 M/s, Max Resolution: 1920x1080
Category: 全国卫视, Name: 淮安新闻综合, Total: 1, Valid: 1, Valid Percent: 100.00%, Whitelist: 0, IPv4: 1, IPv6: 0, Min Delay: 34 ms, Max Speed: 17.31 M/s, Avg Speed: 17.31 M/s, Max Resolution: 1920x1080
Category: 全国卫视, Name: 宿迁新闻综合, Total: 1, Valid: 1, Valid Percent: 100.00%, Whitelist: 0, IPv4: 1, IPv6: 0, Min Delay: 5155 ms, Max Speed: 0.00 M/s, Avg Speed: 0.00 M/s, Max Resolution: None
Category: 全国卫视, Name: 徐州新闻综合, Total: 1, Valid: 1, Valid Percent: 100.00%, Whitelist: 0, IPv4: 1, IPv6: 0, Min Delay: 10203 ms, Max Speed: 0.49 M/s, Avg Speed: 0.49 M/s, Max Resolution: None
Category: 全国卫视, Name: 优漫卡通频道, Total: 1, Valid: 1, Valid Percent: 100.00%, Whitelist: 0, IPv4: 1, IPv6: 0, Min Delay: 37 ms, Max Speed: 16.00 M/s, Avg Speed: 16.00 M/s, Max Resolution: 1920x1080
Category: 儿童专享, Name: 卡酷少儿, Total: 2, Valid: 2, Valid Percent: 100.00%, Whitelist: 0, IPv4: 2, IPv6: 0, Min Delay: 538 ms, Max Speed: 0.08 M/s, Avg Speed: 0.06 M/s, Max Resolution: 1920x1080
Category: 儿童专享, Name: 哈哈炫动, Total: 2, Valid: 2, Valid Percent: 100.00%, Whitelist: 0, IPv4: 2, IPv6: 0, Min Delay: 701 ms, Max Speed: 4.61 M/s, Avg Speed: 2.80 M/s, Max Resolution: 1920x1080
Category: 儿童专享, Name: 金鹰卡通, Total: 3, Valid: 3, Valid Percent: 100.00%, Whitelist: 0, IPv4: 3, IPv6: 0, Min Delay: 1534 ms, Max Speed: 0.85 M/s, Avg Speed: 0.55 M/s, Max Resolution: 1920x1080
Category: 儿童专享, Name: 嘉佳卡通, Total: 2, Valid: 2, Valid Percent: 100.00%, Whitelist: 0, IPv4: 2, IPv6: 0, Min Delay: 502 ms, Max Speed: 0.44 M/s, Avg Speed: 0.24 M/s, Max Resolution: 1920x1080
Category: 儿童专享, Name: 广东少儿, Total: 3, Valid: 3, Valid Percent: 100.00%, Whitelist: 0, IPv4: 3, IPv6: 0, Min Delay: 499 ms, Max Speed: 0.03 M/s, Avg Speed: 0.02 M/s, Max Resolution: 1920x1080
Category: 儿童专享, Name: 经典动画大集合, Total: 1, Valid: 1, Valid Percent: 100.00%, Whitelist: 0, IPv4: 1, IPv6: 0, Min Delay: 4268 ms, Max Speed: 0.00 M/s, Avg Speed: 0.00 M/s, Max Resolution: None
Category: 儿童专享, Name: 动漫秀场, Total: 14, Valid: 12, Valid Percent: 85.71%, Whitelist: 0, IPv4: 14, IPv6: 0, Min Delay: 523 ms, Max Speed: 0.82 M/s, Avg Speed: 0.26 M/s, Max Resolution: 1920x1080
Category: 儿童专享, Name: 哒啵赛事, Total: 1, Valid: 0, Valid Percent: 0.00%, Whitelist: 0, IPv4: 1, IPv6: 0, Min Delay: 287 ms, Max Speed: 0.00 M/s, Avg Speed: 0.00 M/s, Max Resolution: None
Category: 儿童专享, Name: 乐游频道, Total: 2, Valid: 0, Valid Percent: 0.00%, Whitelist: 0, IPv4: 2, IPv6: 0, Min Delay: 1136 ms, Max Speed: 0.00 M/s, Avg Speed: 0.00 M/s, Max Resolution: 1920x1080
Category: 儿童专享, Name: 新动漫, Total: 1, Valid: 1, Valid Percent: 100.00%, Whitelist: 0, IPv4: 1, IPv6: 0, Min Delay: 35 ms, Max Speed: 17.49 M/s, Avg Speed: 17.49 M/s, Max Resolution: 1920x1080
Category: 儿童专享, Name: 猫和老鼠, Total: 3, Valid: 3, Valid Percent: 100.00%, Whitelist: 0, IPv4: 3, IPv6: 0, Min Delay: 207 ms, Max Speed: 7.30 M/s, Avg Speed: 2.53 M/s, Max Resolution: 1280x720
Category: 儿童专享, Name: 金色学堂, Total: 4, Valid: 0, Valid Percent: 0.00%, Whitelist: 0, IPv4: 4, IPv6: 0, Min Delay: 548 ms, Max Speed: 0.00 M/s, Avg Speed: 0.00 M/s, Max Resolution: 1920x1080
Category: 儿童专享, Name: 游戏风云, Total: 16, Valid: 16, Valid Percent: 100.00%, Whitelist: 0, IPv4: 16, IPv6: 0, Min Delay: 517 ms, Max Speed: 0.99 M/s, Avg Speed: 0.41 M/s, Max Resolution: 1920x1080
Category: 儿童专享, Name: CN卡通, Total: 1, Valid: 1, Valid Percent: 100.00%, Whitelist: 0, IPv4: 1, IPv6: 0, Min Delay: 550 ms, Max Speed: 4.36 M/s, Avg Speed: 4.36 M/s, Max Resolution: 1920x1080
Category: 儿童专享, Name: 河北少儿科教, Total: 2, Valid: 2, Valid Percent: 100.00%, Whitelist: 0, IPv4: 2, IPv6: 0, Min Delay: 405 ms, Max Speed: 0.08 M/s, Avg Speed: 0.05 M/s, Max Resolution: 1920x1080
Category: 儿童专享, Name: 中华小当家, Total: 1, Valid: 0, Valid Percent: 0.00%, Whitelist: 0, IPv4: 1, IPv6: 0, Min Delay: 409 ms, Max Speed: 0.00 M/s, Avg Speed: 0.00 M/s, Max Resolution: None
Category: 儿童专享, Name: iHOT爱动漫, Total: 1, Valid: 0, Valid Percent: 0.00%, Whitelist: 0, IPv4: 1, IPv6: 0, Min Delay: 563 ms, Max Speed: 0.00 M/s, Avg Speed: 0.00 M/s, Max Resolution: None
Category: 儿童专享, Name: ZooMoo, Total: 1, Valid: 1, Valid Percent: 100.00%, Whitelist: 0, IPv4: 1, IPv6: 0, Min Delay: 110 ms, Max Speed: 34.82 M/s, Avg Speed: 34.82 M/s, Max Resolution: 640x360
Category: 儿童专享, Name: 乐游, Total: 13, Valid: 13, Valid Percent: 100.00%, Whitelist: 0, IPv4: 13, IPv6: 0, Min Delay: 541 ms, Max Speed: 0.90 M/s, Avg Speed: 0.59 M/s, Max Resolution: 1920x1080
Category: 数字电视, Name: CHC家庭影院, Total: 2, Valid: 2, Valid Percent: 100.00%, Whitelist: 0, IPv4: 2, IPv6: 0, Min Delay: 37 ms, Max Speed: 16.63 M/s, Avg Speed: 8.41 M/s, Max Resolution: 1920x1080
Category: 数字电视, Name: CHC动作电影, Total: 3, Valid: 3, Valid Percent: 100.00%, Whitelist: 0, IPv4: 3, IPv6: 0, Min Delay: 36 ms, Max Speed: 15.28 M/s, Avg Speed: 5.26 M/s, Max Resolution: 1920x1080
Category: 数字电视, Name: CHC影迷电影, Total: 3, Valid: 3, Valid Percent: 100.00%, Whitelist: 0, IPv4: 3, IPv6: 0, Min Delay: 4341 ms, Max Speed: 1.38 M/s, Avg Speed: 0.52 M/s, Max Resolution: 1920x1080
Category: 数字电视, Name: 新片放映厅, Total: 1, Valid: 0, Valid Percent: 0.00%, Whitelist: 0, IPv4: 1, IPv6: 0, Min Delay: 959 ms, Max Speed: 0.00 M/s, Avg Speed: 0.00 M/s, Max Resolution: None
Category: 数字电视, Name: 欢笑剧场, Total: 8, Valid: 8, Valid Percent: 100.00%, Whitelist: 0, IPv4: 8, IPv6: 0, Min Delay: 555 ms, Max Speed: 0.79 M/s, Avg Speed: 0.53 M/s, Max Resolution: 3840x2160
Category: 数字电视, Name: 金鹰纪实, Total: 1, Valid: 1, Valid Percent: 100.00%, Whitelist: 0, IPv4: 1, IPv6: 0, Min Delay: 4349 ms, Max Speed: 0.81 M/s, Avg Speed: 0.81 M/s, Max Resolution: 1920x1080
Category: 数字电视, Name: 财富天下, Total: 4, Valid: 2, Valid Percent: 50.00%, Whitelist: 0, IPv4: 4, IPv6: 0, Min Delay: 674 ms, Max Speed: 0.71 M/s, Avg Speed: 0.41 M/s, Max Resolution: 720x576
Category: 数字电视, Name: CCTV电视指南, Total: 2, Valid: 2, Valid Percent: 100.00%, Whitelist: 0, IPv4: 2, IPv6: 0, Min Delay: 1036 ms, Max Speed: 4.85 M/s, Avg Speed: 2.67 M/s, Max Resolution: 1920x1080
Category: 数字电视, Name: SiTV劲爆体育, Total: 1, Valid: 1, Valid Percent: 100.00%, Whitelist: 0, IPv4: 1, IPv6: 0, Min Delay: 3907 ms, Max Speed: 1.31 M/s, Avg Speed: 1.31 M/s, Max Resolution: 1920x1080
Category: 数字电视, Name: SiTV生活时尚, Total: 1, Valid: 1, Valid Percent: 100.00%, Whitelist: 0, IPv4: 1, IPv6: 0, Min Delay: 4448 ms, Max Speed: 1.46 M/s, Avg Speed: 1.46 M/s, Max Resolution: 1920x1080
Category: 数字电视, Name: SiTV东方财经, Total: 1, Valid: 1, Valid Percent: 100.00%, Whitelist: 0, IPv4: 1, IPv6: 0, Min Delay: 4388 ms, Max Speed: 1.46 M/s, Avg Speed: 1.46 M/s, Max Resolution: 1920x1080
Category: 数字电视, Name: SiTV法治天地, Total: 1, Valid: 1, Valid Percent: 100.00%, Whitelist: 0, IPv4: 1, IPv6: 0, Min Delay: 4309 ms, Max Speed: 1.45 M/s, Avg Speed: 1.45 M/s, Max Resolution: 1920x1080
Category: 数字电视, Name: SiTV金色学堂, Total: 1, Valid: 1, Valid Percent: 100.00%, Whitelist: 0, IPv4: 1, IPv6: 0, Min Delay: 4449 ms, Max Speed: 1.36 M/s, Avg Speed: 1.36 M/s, Max Resolution: 1920x1080
Category: 数字电视, Name: SiTV乐游, Total: 1, Valid: 1, Valid Percent: 100.00%, Whitelist: 0, IPv4: 1, IPv6: 0, Min Delay: 10687 ms, Max Speed: 1.05 M/s, Avg Speed: 1.05 M/s, Max Resolution: 1920x1080
Category: 数字电视, Name: 快乐垂钓, Total: 13, Valid: 12, Valid Percent: 92.31%, Whitelist: 0, IPv4: 13, IPv6: 0, Min Delay: 39 ms, Max Speed: 14.91 M/s, Avg Speed: 1.35 M/s, Max Resolution: 1920x1080
Category: 数字电视, Name: 茶频道, Total: 11, Valid: 7, Valid Percent: 63.64%, Whitelist: 0, IPv4: 11, IPv6: 0, Min Delay: 511 ms, Max Speed: 0.76 M/s, Avg Speed: 0.23 M/s, Max Resolution: 1920x1080
Category: 数字电视, Name: 黑莓电影, Total: 1, Valid: 0, Valid Percent: 0.00%, Whitelist: 0, IPv4: 1, IPv6: 0, Min Delay: 248 ms, Max Speed: 0.00 M/s, Avg Speed: 0.00 M/s, Max Resolution: None
Category: 数字电视, Name: 五星体育, Total: 1, Valid: 1, Valid Percent: 100.00%, Whitelist: 0, IPv4: 1, IPv6: 0, Min Delay: 38 ms, Max Speed: 14.57 M/s, Avg Speed: 14.57 M/s, Max Resolution: 1920x1080
Category: 数字电视, Name: 广东珠江, Total: 5, Valid: 5, Valid Percent: 100.00%, Whitelist: 0, IPv4: 5, IPv6: 0, Min Delay: 30 ms, Max Speed: 18.03 M/s, Avg Speed: 4.05 M/s, Max Resolution: 3840x2160
Category: 数字电视, Name: 睛彩竞技, Total: 1, Valid: 1, Valid Percent: 100.00%, Whitelist: 0, IPv4: 1, IPv6: 0, Min Delay: 562 ms, Max Speed: 0.63 M/s, Avg Speed: 0.63 M/s, Max Resolution: 1920x1080
Category: 数字电视, Name: 睛彩篮球, Total: 2, Valid: 2, Valid Percent: 100.00%, Whitelist: 0, IPv4: 2, IPv6: 0, Min Delay: 98 ms, Max Speed: 19.05 M/s, Avg Speed: 9.87 M/s, Max Resolution: 1920x1080
Category: 数字电视, Name: 咪咕视频4, Total: 1, Valid: 1, Valid Percent: 100.00%, Whitelist: 0, IPv4: 1, IPv6: 0, Min Delay: 4725 ms, Max Speed: 2.53 M/s, Avg Speed: 2.53 M/s, Max Resolution: 1920x1080
Category: 数字电视, Name: 睛彩青少, Total: 1, Valid: 1, Valid Percent: 100.00%, Whitelist: 0, IPv4: 1, IPv6: 0, Min Delay: 537 ms, Max Speed: 0.67 M/s, Avg Speed: 0.67 M/s, Max Resolution: 1920x1080
Category: 数字电视, Name: 央广购物, Total: 1, Valid: 0, Valid Percent: 0.00%, Whitelist: 0, IPv4: 1, IPv6: 0, Min Delay: 914 ms, Max Speed: 0.00 M/s, Avg Speed: 0.00 M/s, Max Resolution: None
Category: 数字电视, Name: 中国天气, Total: 1, Valid: 1, Valid Percent: 100.00%, Whitelist: 0, IPv4: 1, IPv6: 0, Min Delay: 1006 ms, Max Speed: 0.95 M/s, Avg Speed: 0.95 M/s, Max Resolution: 1920x1080
Category: 数字电视, Name: 优优宝贝, Total: 2, Valid: 2, Valid Percent: 100.00%, Whitelist: 0, IPv4: 2, IPv6: 0, Min Delay: 941 ms, Max Speed: 0.27 M/s, Avg Speed: 0.27 M/s, Max Resolution: 720x576
Category: 数字电视, Name: 劲爆体育, Total: 1, Valid: 1, Valid Percent: 100.00%, Whitelist: 0, IPv4: 1, IPv6: 0, Min Delay: 10139 ms, Max Speed: 0.11 M/s, Avg Speed: 0.11 M/s, Max Resolution: 1920x1080
Category: 数字电视, Name: 车迷频道, Total: 1, Valid: 0, Valid Percent: 0.00%, Whitelist: 0, IPv4: 1, IPv6: 0, Min Delay: 552 ms, Max Speed: 0.00 M/s, Avg Speed: 0.00 M/s, Max Resolution: None
Category: 数字电视, Name: 四海钓鱼, Total: 1, Valid: 1, Valid Percent: 100.00%, Whitelist: 0, IPv4: 1, IPv6: 0, Min Delay: 1933 ms, Max Speed: 0.31 M/s, Avg Speed: 0.31 M/s, Max Resolution: 1920x1080
Category: 数字电视, Name: 家庭理财, Total: 2, Valid: 0, Valid Percent: 0.00%, Whitelist: 0, IPv4: 2, IPv6: 0, Min Delay: 709 ms, Max Speed: 0.00 M/s, Avg Speed: 0.00 M/s, Max Resolution: None
Category: 数字电视, Name: 都市剧场, Total: 10, Valid: 10, Valid Percent: 100.00%, Whitelist: 0, IPv4: 10, IPv6: 0, Min Delay: 519 ms, Max Speed: 3.31 M/s, Avg Speed: 0.76 M/s, Max Resolution: 1920x1080
Category: 数字电视, Name: 新视觉, Total: 1, Valid: 1, Valid Percent: 100.00%, Whitelist: 0, IPv4: 1, IPv6: 0, Min Delay: 1438 ms, Max Speed: 0.00 M/s, Avg Speed: 0.00 M/s, Max Resolution: None
Category: 数字电视, Name: 文物宝库, Total: 2, Valid: 2, Valid Percent: 100.00%, Whitelist: 0, IPv4: 2, IPv6: 0, Min Delay: 1875 ms, Max Speed: 0.40 M/s, Avg Speed: 0.38 M/s, Max Resolution: 1920x1080
Category: 数字电视, Name: 汽摩, Total: 2, Valid: 1, Valid Percent: 50.00%, Whitelist: 0, IPv4: 2, IPv6: 0, Min Delay: 3025 ms, Max Speed: 0.57 M/s, Avg Speed: 0.57 M/s, Max Resolution: 720x576
Category: 数字电视, Name: 天元围棋, Total: 1, Valid: 1, Valid Percent: 100.00%, Whitelist: 0, IPv4: 1, IPv6: 0, Min Delay: 1158 ms, Max Speed: 3.30 M/s, Avg Speed: 3.30 M/s, Max Resolution: 1920x1080
Category: 数字电视, Name: 魅力足球, Total: 3, Valid: 1, Valid Percent: 33.33%, Whitelist: 0, IPv4: 3, IPv6: 0, Min Delay: 10004 ms, Max Speed: 0.53 M/s, Avg Speed: 0.53 M/s, Max Resolution: 1920x1080
Category: 数字电视, Name: 热播剧场, Total: 1, Valid: 1, Valid Percent: 100.00%, Whitelist: 0, IPv4: 1, IPv6: 0, Min Delay: 10290 ms, Max Speed: 0.05 M/s, Avg Speed: 0.05 M/s, Max Resolution: 1920x1080
Category: 数字电视, Name: 中国气象, Total: 2, Valid: 2, Valid Percent: 100.00%, Whitelist: 0, IPv4: 2, IPv6: 0, Min Delay: 805 ms, Max Speed: 0.30 M/s, Avg Speed: 0.21 M/s, Max Resolution: 1920x1080
Category: 网络电视, Name: 爱体育, Total: 20, Valid: 0, Valid Percent: 0.00%, Whitelist: 0, IPv4: 20, IPv6: 0, Min Delay: 545 ms, Max Speed: 0.00 M/s, Avg Speed: 0.00 M/s, Max Resolution: None
Category: 网络电视, Name: 超级电视剧, Total: 1, Valid: 0, Valid Percent: 0.00%, Whitelist: 0, IPv4: 1, IPv6: 0, Min Delay: 259 ms, Max Speed: 0.00 M/s, Avg Speed: 0.00 M/s, Max Resolution: None
Category: 网络电视, Name: 动作电影, Total: 2, Valid: 2, Valid Percent: 100.00%, Whitelist: 0, IPv4: 2, IPv6: 0, Min Delay: 190 ms, Max Speed: 9.88 M/s, Avg Speed: 5.15 M/s, Max Resolution: 1920x1080
Category: 网络电视, Name: 欢乐剧场, Total: 1, Valid: 1, Valid Percent: 100.00%, Whitelist: 0, IPv4: 1, IPv6: 0, Min Delay: 22 ms, Max Speed: 20.70 M/s, Avg Speed: 20.70 M/s, Max Resolution: 1920x1080
Category: 网络电视, Name: 东北热剧, Total: 1, Valid: 0, Valid Percent: 0.00%, Whitelist: 0, IPv4: 1, IPv6: 0, Min Delay: 253 ms, Max Speed: 0.00 M/s, Avg Speed: 0.00 M/s, Max Resolution: None
Category: 网络电视, Name: 惊悚悬疑, Total: 2, Valid: 2, Valid Percent: 100.00%, Whitelist: 0, IPv4: 2, IPv6: 0, Min Delay: 35 ms, Max Speed: 16.10 M/s, Avg Speed: 12.01 M/s, Max Resolution: 1920x1080
Category: 网络电视, Name: 金牌综艺, Total: 1, Valid: 0, Valid Percent: 0.00%, Whitelist: 0, IPv4: 1, IPv6: 0, Min Delay: 273 ms, Max Speed: 0.00 M/s, Avg Speed: 0.00 M/s, Max Resolution: None
Category: 网络电视, Name: 精品大剧, Total: 1, Valid: 0, Valid Percent: 0.00%, Whitelist: 0, IPv4: 1, IPv6: 0, Min Delay: 252 ms, Max Speed: 0.00 M/s, Avg Speed: 0.00 M/s, Max Resolution: None
Category: 网络电视, Name: 超级综艺, Total: 1, Valid: 0, Valid Percent: 0.00%, Whitelist: 0, IPv4: 1, IPv6: 0, Min Delay: 241 ms, Max Speed: 0.00 M/s, Avg Speed: 0.00 M/s, Max Resolution: None
Category: 网络电视, Name: 超级电影, Total: 1, Valid: 0, Valid Percent: 0.00%, Whitelist: 0, IPv4: 1, IPv6: 0, Min Delay: 1001 ms, Max Speed: 0.00 M/s, Avg Speed: 0.00 M/s, Max Resolution: None
Category: 网络电视, Name: 精品体育, Total: 1, Valid: 0, Valid Percent: 0.00%, Whitelist: 0, IPv4: 1, IPv6: 0, Min Delay: 248 ms, Max Speed: 0.00 M/s, Avg Speed: 0.00 M/s, Max Resolution: None
Category: 网络电视, Name: 超级体育, Total: 1, Valid: 0, Valid Percent: 0.00%, Whitelist: 0, IPv4: 1, IPv6: 0, Min Delay: 272 ms, Max Speed: 0.00 M/s, Avg Speed: 0.00 M/s, Max Resolution: None
Category: 网络电视, Name: 中国功夫, Total: 2, Valid: 1, Valid Percent: 50.00%, Whitelist: 0, IPv4: 2, IPv6: 0, Min Delay: 243 ms, Max Speed: 0.02 M/s, Avg Speed: 0.02 M/s, Max Resolution: None
Category: 网络电视, Name: 古装剧场, Total: 1, Valid: 0, Valid Percent: 0.00%, Whitelist: 0, IPv4: 1, IPv6: 0, Min Delay: 250 ms, Max Speed: 0.00 M/s, Avg Speed: 0.00 M/s, Max Resolution: None
Category: 香港澳门, Name: 凤凰中文, Total: 4, Valid: 3, Valid Percent: 75.00%, Whitelist: 0, IPv4: 4, IPv6: 0, Min Delay: 532 ms, Max Speed: 4.23 M/s, Avg Speed: 1.64 M/s, Max Resolution: 1920x1080
Category: 香港澳门, Name: 凤凰资讯, Total: 3, Valid: 2, Valid Percent: 66.67%, Whitelist: 0, IPv4: 3, IPv6: 0, Min Delay: 657 ms, Max Speed: 4.14 M/s, Avg Speed: 2.12 M/s, Max Resolution: 1920x1080
Category: 香港澳门, Name: 凤凰香港, Total: 2, Valid: 1, Valid Percent: 50.00%, Whitelist: 0, IPv4: 2, IPv6: 0, Min Delay: 120 ms, Max Speed: 45.89 M/s, Avg Speed: 45.89 M/s, Max Resolution: 1920x1080
Category: 香港澳门, Name: 翡翠台, Total: 4, Valid: 1, Valid Percent: 25.00%, Whitelist: 0, IPv4: 4, IPv6: 0, Min Delay: 10160 ms, Max Speed: 0.10 M/s, Avg Speed: 0.10 M/s, Max Resolution: 1920x1080
Category: 香港澳门, Name: TVB Plus, Total: 1, Valid: 1, Valid Percent: 100.00%, Whitelist: 0, IPv4: 1, IPv6: 0, Min Delay: 785 ms, Max Speed: 1.59 M/s, Avg Speed: 1.59 M/s, Max Resolution: 1920x1080
Category: 香港澳门, Name: TVB星河, Total: 1, Valid: 1, Valid Percent: 100.00%, Whitelist: 0, IPv4: 1, IPv6: 0, Min Delay: 10635 ms, Max Speed: 0.02 M/s, Avg Speed: 0.02 M/s, Max Resolution: 1920x1080
Category: 香港澳门, Name: 明珠台, Total: 2, Valid: 2, Valid Percent: 100.00%, Whitelist: 0, IPv4: 2, IPv6: 0, Min Delay: 71 ms, Max Speed: 42.86 M/s, Avg Speed: 21.56 M/s, Max Resolution: 1920x1080
Category: 香港澳门, Name: 无线新闻台, Total: 1, Valid: 1, Valid Percent: 100.00%, Whitelist: 0, IPv4: 1, IPv6: 0, Min Delay: 89 ms, Max Speed: 0.24 M/s, Avg Speed: 0.24 M/s, Max Resolution: 1920x1080
Category: 香港澳门, Name: 18台, Total: 2, Valid: 2, Valid Percent: 100.00%, Whitelist: 0, IPv4: 2, IPv6: 0, Min Delay: 550 ms, Max Speed: 1.04 M/s, Avg Speed: 0.54 M/s, Max Resolution: 1920x1080
Category: 香港澳门, Name: 天映频道, Total: 1, Valid: 1, Valid Percent: 100.00%, Whitelist: 0, IPv4: 1, IPv6: 0, Min Delay: 7338 ms, Max Speed: 0.35 M/s, Avg Speed: 0.35 M/s, Max Resolution: 1024x576
Category: 香港澳门, Name: VIUTV, Total: 1, Valid: 1, Valid Percent: 100.00%, Whitelist: 0, IPv4: 1, IPv6: 0, Min Delay: 1182 ms, Max Speed: 1.79 M/s, Avg Speed: 1.79 M/s, Max Resolution: 1920x1080
Category: 香港澳门, Name: 星空卫视, Total: 1, Valid: 1, Valid Percent: 100.00%, Whitelist: 0, IPv4: 1, IPv6: 0, Min Delay: 540 ms, Max Speed: 0.40 M/s, Avg Speed: 0.40 M/s, Max Resolution: 1920x1080
Category: 香港澳门, Name: 星空卫视国际, Total: 1, Valid: 0, Valid Percent: 0.00%, Whitelist: 0, IPv4: 1, IPv6: 0, Min Delay: 497 ms, Max Speed: 0.00 M/s, Avg Speed: 0.00 M/s, Max Resolution: None
Category: 香港澳门, Name: 香港佛陀, Total: 2, Valid: 2, Valid Percent: 100.00%, Whitelist: 0, IPv4: 2, IPv6: 0, Min Delay: 1720 ms, Max Speed: 0.35 M/s, Avg Speed: 0.32 M/s, Max Resolution: 1280x720
Category: 香港澳门, Name: 耀才财经, Total: 1, Valid: 1, Valid Percent: 100.00%, Whitelist: 0, IPv4: 1, IPv6: 0, Min Delay: 3387 ms, Max Speed: 0.26 M/s, Avg Speed: 0.26 M/s, Max Resolution: 1024x576
Category: 香港澳门, Name: 环球电视, Total: 1, Valid: 1, Valid Percent: 100.00%, Whitelist: 0, IPv4: 1, IPv6: 0, Min Delay: 5602 ms, Max Speed: 0.49 M/s, Avg Speed: 0.49 M/s, Max Resolution: 1280x702
Category: 香港澳门, Name: 香港环球卫视, Total: 1, Valid: 0, Valid Percent: 0.00%, Whitelist: 0, IPv4: 1, IPv6: 0, Min Delay: -1 ms, Max Speed: 0.00 M/s, Avg Speed: 0.00 M/s, Max Resolution: 1920x1080
Category: 中国台湾, Name: 中天新闻, Total: 1, Valid: 0, Valid Percent: 0.00%, Whitelist: 0, IPv4: 1, IPv6: 0, Min Delay: -1 ms, Max Speed: 0.00 M/s, Avg Speed: 0.00 M/s, Max Resolution: 1920x1080
Category: 中国台湾, Name: 寰宇新闻, Total: 1, Valid: 1, Valid Percent: 100.00%, Whitelist: 0, IPv4: 1, IPv6: 0, Min Delay: 6802 ms, Max Speed: 0.33 M/s, Avg Speed: 0.33 M/s, Max Resolution: 1920x1080
Category: 中国台湾, Name: 台视新闻, Total: 1, Valid: 1, Valid Percent: 100.00%, Whitelist: 0, IPv4: 1, IPv6: 0, Min Delay: 1045 ms, Max Speed: 1.92 M/s, Avg Speed: 1.92 M/s, Max Resolution: 1920x1080
Category: 中国台湾, Name: 年代新闻, Total: 1, Valid: 1, Valid Percent: 100.00%, Whitelist: 0, IPv4: 1, IPv6: 0, Min Delay: 899 ms, Max Speed: 0.91 M/s, Avg Speed: 0.91 M/s, Max Resolution: 1920x1080
Category: 中国台湾, Name: TVBS, Total: 1, Valid: 1, Valid Percent: 100.00%, Whitelist: 0, IPv4: 1, IPv6: 0, Min Delay: 897 ms, Max Speed: 1.02 M/s, Avg Speed: 1.02 M/s, Max Resolution: 1920x1080
Category: 中国台湾, Name: TVBS新闻, Total: 1, Valid: 1, Valid Percent: 100.00%, Whitelist: 0, IPv4: 1, IPv6: 0, Min Delay: 896 ms, Max Speed: 0.93 M/s, Avg Speed: 0.93 M/s, Max Resolution: 1920x1080
Category: 中国台湾, Name: TVBS欢乐, Total: 5, Valid: 1, Valid Percent: 20.00%, Whitelist: 0, IPv4: 5, IPv6: 0, Min Delay: 419 ms, Max Speed: 0.27 M/s, Avg Speed: 0.27 M/s, Max Resolution: 1024x576
Category: 中国台湾, Name: TVBS亚洲, Total: 1, Valid: 1, Valid Percent: 100.00%, Whitelist: 0, IPv4: 1, IPv6: 0, Min Delay: 2788 ms, Max Speed: 0.49 M/s, Avg Speed: 0.49 M/s, Max Resolution: 1920x1080
Category: 中国台湾, Name: 东森新闻, Total: 1, Valid: 1, Valid Percent: 100.00%, Whitelist: 0, IPv4: 1, IPv6: 0, Min Delay: 5804 ms, Max Speed: 0.56 M/s, Avg Speed: 0.56 M/s, Max Resolution: 1920x1080
Category: 中国台湾, Name: 东森综合, Total: 1, Valid: 1, Valid Percent: 100.00%, Whitelist: 0, IPv4: 1, IPv6: 0, Min Delay: 10660 ms, Max Speed: 0.17 M/s, Avg Speed: 0.17 M/s, Max Resolution: 1920x1080
Category: 中国台湾, Name: 东森电影, Total: 1, Valid: 1, Valid Percent: 100.00%, Whitelist: 0, IPv4: 1, IPv6: 0, Min Delay: 642 ms, Max Speed: 1.27 M/s, Avg Speed: 1.27 M/s, Max Resolution: 1920x1080
Category: 中国台湾, Name: 民视, Total: 1, Valid: 1, Valid Percent: 100.00%, Whitelist: 0, IPv4: 1, IPv6: 0, Min Delay: 412 ms, Max Speed: 0.33 M/s, Avg Speed: 0.33 M/s, Max Resolution: 1920x1080
Category: 中国台湾, Name: 民视新闻, Total: 1, Valid: 1, Valid Percent: 100.00%, Whitelist: 0, IPv4: 1, IPv6: 0, Min Delay: 3355 ms, Max Speed: 0.30 M/s, Avg Speed: 0.30 M/s, Max Resolution: 1920x1080
Category: 中国台湾, Name: 民视台湾台, Total: 1, Valid: 1, Valid Percent: 100.00%, Whitelist: 0, IPv4: 1, IPv6: 0, Min Delay: 667 ms, Max Speed: 3.21 M/s, Avg Speed: 3.21 M/s, Max Resolution: 1920x1080
Category: 中国台湾, Name: 台视, Total: 2, Valid: 2, Valid Percent: 100.00%, Whitelist: 0, IPv4: 2, IPv6: 0, Min Delay: 552 ms, Max Speed: 4.04 M/s, Avg Speed: 2.66 M/s, Max Resolution: 1920x1080
Category: 中国台湾, Name: 三立台湾, Total: 2, Valid: 2, Valid Percent: 100.00%, Whitelist: 0, IPv4: 2, IPv6: 0, Min Delay: 227 ms, Max Speed: 1.27 M/s, Avg Speed: 0.83 M/s, Max Resolution: 1440x1080
Category: 中国台湾, Name: 三立新闻, Total: 3, Valid: 3, Valid Percent: 100.00%, Whitelist: 0, IPv4: 3, IPv6: 0, Min Delay: 227 ms, Max Speed: 0.41 M/s, Avg Speed: 0.20 M/s, Max Resolution: 1280x582
Category: 中国台湾, Name: 三立都会, Total: 1, Valid: 1, Valid Percent: 100.00%, Whitelist: 0, IPv4: 1, IPv6: 0, Min Delay: 647 ms, Max Speed: 1.27 M/s, Avg Speed: 1.27 M/s, Max Resolution: 1920x1080
Category: 中国台湾, Name: 三立戏剧, Total: 1, Valid: 1, Valid Percent: 100.00%, Whitelist: 0, IPv4: 1, IPv6: 0, Min Delay: 641 ms, Max Speed: 1.27 M/s, Avg Speed: 1.27 M/s, Max Resolution: 1920x1080
Category: 中国台湾, Name: 三立综合, Total: 1, Valid: 1, Valid Percent: 100.00%, Whitelist: 0, IPv4: 1, IPv6: 0, Min Delay: 644 ms, Max Speed: 1.27 M/s, Avg Speed: 1.27 M/s, Max Resolution: 1920x1080
Category: 中国台湾, Name: 纬来综合, Total: 1, Valid: 1, Valid Percent: 100.00%, Whitelist: 0, IPv4: 1, IPv6: 0, Min Delay: 643 ms, Max Speed: 1.27 M/s, Avg Speed: 1.27 M/s, Max Resolution: 1920x1080
Category: 中国台湾, Name: 纬来戏剧, Total: 1, Valid: 1, Valid Percent: 100.00%, Whitelist: 0, IPv4: 1, IPv6: 0, Min Delay: 10959 ms, Max Speed: 0.26 M/s, Avg Speed: 0.26 M/s, Max Resolution: 1920x1080
Category: 中国台湾, Name: 纬来日本, Total: 1, Valid: 1, Valid Percent: 100.00%, Whitelist: 0, IPv4: 1, IPv6: 0, Min Delay: 649 ms, Max Speed: 1.26 M/s, Avg Speed: 1.26 M/s, Max Resolution: 1920x1080
Category: 中国台湾, Name: 纬来精彩, Total: 1, Valid: 1, Valid Percent: 100.00%, Whitelist: 0, IPv4: 1, IPv6: 0, Min Delay: 648 ms, Max Speed: 1.26 M/s, Avg Speed: 1.26 M/s, Max Resolution: 1920x1080
Category: 中国台湾, Name: 纬来育乐, Total: 1, Valid: 1, Valid Percent: 100.00%, Whitelist: 0, IPv4: 1, IPv6: 0, Min Delay: 10833 ms, Max Speed: 0.19 M/s, Avg Speed: 0.19 M/s, Max Resolution: 1920x1080
Category: 中国台湾, Name: EYE旅游台, Total: 1, Valid: 1, Valid Percent: 100.00%, Whitelist: 0, IPv4: 1, IPv6: 0, Min Delay: 9056 ms, Max Speed: 0.15 M/s, Avg Speed: 0.15 M/s, Max Resolution: 1280x720
Category: 中国台湾, Name: Now华剧, Total: 1, Valid: 1, Valid Percent: 100.00%, Whitelist: 0, IPv4: 1, IPv6: 0, Min Delay: 1282 ms, Max Speed: 0.21 M/s, Avg Speed: 0.21 M/s, Max Resolution: 864x720
Category: 中国台湾, Name: 靖天资讯, Total: 3, Valid: 0, Valid Percent: 0.00%, Whitelist: 0, IPv4: 3, IPv6: 0, Min Delay: 431 ms, Max Speed: 0.00 M/s, Avg Speed: 0.00 M/s, Max Resolution: None
Category: 中国台湾, Name: 龙华偶像, Total: 1, Valid: 1, Valid Percent: 100.00%, Whitelist: 0, IPv4: 1, IPv6: 0, Min Delay: 551 ms, Max Speed: 12.33 M/s, Avg Speed: 12.33 M/s, Max Resolution: 1920x1080
Category: 中国台湾, Name: 龙华电影, Total: 1, Valid: 1, Valid Percent: 100.00%, Whitelist: 0, IPv4: 1, IPv6: 0, Min Delay: 1493 ms, Max Speed: 0.91 M/s, Avg Speed: 0.91 M/s, Max Resolution: 1920x1080
Category: 明星频道, Name: 成龙, Total: 1, Valid: 1, Valid Percent: 100.00%, Whitelist: 0, IPv4: 1, IPv6: 0, Min Delay: 4599 ms, Max Speed: 0.52 M/s, Avg Speed: 0.52 M/s, Max Resolution: 1280x544
Category: 明星频道, Name: 周润发, Total: 1, Valid: 1, Valid Percent: 100.00%, Whitelist: 0, IPv4: 1, IPv6: 0, Min Delay: 3953 ms, Max Speed: 0.44 M/s, Avg Speed: 0.44 M/s, Max Resolution: 1088x576
Category: 明星频道, Name: 刘德华, Total: 1, Valid: 1, Valid Percent: 100.00%, Whitelist: 0, IPv4: 1, IPv6: 0, Min Delay: 22 ms, Max Speed: 20.54 M/s, Avg Speed: 20.54 M/s, Max Resolution: 1920x1080
Category: 明星频道, Name: 洪金宝, Total: 1, Valid: 1, Valid Percent: 100.00%, Whitelist: 0, IPv4: 1, IPv6: 0, Min Delay: 4230 ms, Max Speed: 0.19 M/s, Avg Speed: 0.19 M/s, Max Resolution: 1280x720
Category: 明星频道, Name: 林正英, Total: 1, Valid: 1, Valid Percent: 100.00%, Whitelist: 0, IPv4: 1, IPv6: 0, Min Delay: 4037 ms, Max Speed: 1.03 M/s, Avg Speed: 1.03 M/s, Max Resolution: 1920x1080
Category: 明星频道, Name: 邵氏影院, Total: 1, Valid: 1, Valid Percent: 100.00%, Whitelist: 0, IPv4: 1, IPv6: 0, Min Delay: 23 ms, Max Speed: 18.54 M/s, Avg Speed: 18.54 M/s, Max Resolution: 640x360
Category: 明星频道, Name: 华语经典, Total: 1, Valid: 1, Valid Percent: 100.00%, Whitelist: 0, IPv4: 1, IPv6: 0, Min Delay: 22 ms, Max Speed: 20.36 M/s, Avg Speed: 20.36 M/s, Max Resolution: 1920x1080
Category: 明星频道, Name: 吃米滴虫, Total: 1, Valid: 1, Valid Percent: 100.00%, Whitelist: 0, IPv4: 1, IPv6: 0, Min Delay: 21 ms, Max Speed: 19.79 M/s, Avg Speed: 19.79 M/s, Max Resolution: 1920x1080
Category: 明星频道, Name: 特辑影院, Total: 1, Valid: 1, Valid Percent: 100.00%, Whitelist: 0, IPv4: 1, IPv6: 0, Min Delay: 23 ms, Max Speed: 19.49 M/s, Avg Speed: 19.49 M/s, Max Resolution: 1000x562
Category: 明星频道, Name: 赵本山经典小品, Total: 1, Valid: 1, Valid Percent: 100.00%, Whitelist: 0, IPv4: 1, IPv6: 0, Min Delay: 23 ms, Max Speed: 18.36 M/s, Avg Speed: 18.36 M/s, Max Resolution: 854x480
Category: 明星频道, Name: 贾玲小品, Total: 1, Valid: 1, Valid Percent: 100.00%, Whitelist: 0, IPv4: 1, IPv6: 0, Min Delay: 538 ms, Max Speed: 0.37 M/s, Avg Speed: 0.37 M/s, Max Resolution: 1280x720
Category: 电视剧, Name: 楚汉骄雄, Total: 1, Valid: 1, Valid Percent: 100.00%, Whitelist: 0, IPv4: 1, IPv6: 0, Min Delay: 460 ms, Max Speed: 0.55 M/s, Avg Speed: 0.55 M/s, Max Resolution: 1920x1080
Category: 电视剧, Name: 刑事侦缉档案, Total: 1, Valid: 1, Valid Percent: 100.00%, Whitelist: 0, IPv4: 1, IPv6: 0, Min Delay: 473 ms, Max Speed: 0.40 M/s, Avg Speed: 0.40 M/s, Max Resolution: 1920x1080
Category: 电视剧, Name: 寻秦记, Total: 1, Valid: 1, Valid Percent: 100.00%, Whitelist: 0, IPv4: 1, IPv6: 0, Min Delay: 23 ms, Max Speed: 18.34 M/s, Avg Speed: 18.34 M/s, Max Resolution: 1920x1080
Category: 电视剧, Name: 法证先锋, Total: 1, Valid: 1, Valid Percent: 100.00%, Whitelist: 0, IPv4: 1, IPv6: 0, Min Delay: 505 ms, Max Speed: 0.37 M/s, Avg Speed: 0.37 M/s, Max Resolution: 1280x720
Category: 电视剧, Name: 陀枪师姐, Total: 1, Valid: 1, Valid Percent: 100.00%, Whitelist: 0, IPv4: 1, IPv6: 0, Min Delay: 423 ms, Max Speed: 0.22 M/s, Avg Speed: 0.22 M/s, Max Resolution: 1920x1080
Category: 电视剧, Name: 笑傲江湖, Total: 1, Valid: 1, Valid Percent: 100.00%, Whitelist: 0, IPv4: 1, IPv6: 0, Min Delay: 462 ms, Max Speed: 0.52 M/s, Avg Speed: 0.52 M/s, Max Resolution: 1920x1080
Category: 电视剧, Name: 洗冤录, Total: 1, Valid: 1, Valid Percent: 100.00%, Whitelist: 0, IPv4: 1, IPv6: 0, Min Delay: 520 ms, Max Speed: 0.41 M/s, Avg Speed: 0.41 M/s, Max Resolution: 1920x1080
Category: 电视剧, Name: 倚天屠龙记, Total: 1, Valid: 1, Valid Percent: 100.00%, Whitelist: 0, IPv4: 1, IPv6: 0, Min Delay: 22 ms, Max Speed: 19.75 M/s, Avg Speed: 19.75 M/s, Max Resolution: 1920x1080
Category: 电视剧, Name: 神雕侠侣, Total: 1, Valid: 1, Valid Percent: 100.00%, Whitelist: 0, IPv4: 1, IPv6: 0, Min Delay: 528 ms, Max Speed: 0.20 M/s, Avg Speed: 0.20 M/s, Max Resolution: 800x600
Category: 电视剧, Name: 金枝欲孽, Total: 1, Valid: 1, Valid Percent: 100.00%, Whitelist: 0, IPv4: 1, IPv6: 0, Min Delay: 457 ms, Max Speed: 0.47 M/s, Avg Speed: 0.47 M/s, Max Resolution: 1920x1080
Category: 电视剧, Name: 大唐双龙传, Total: 1, Valid: 1, Valid Percent: 100.00%, Whitelist: 0, IPv4: 1, IPv6: 0, Min Delay: 448 ms, Max Speed: 0.45 M/s, Avg Speed: 0.45 M/s, Max Resolution: 1920x1080
Category: 电视剧, Name: 妙手仁心, Total: 1, Valid: 1, Valid Percent: 100.00%, Whitelist: 0, IPv4: 1, IPv6: 0, Min Delay: 436 ms, Max Speed: 0.30 M/s, Avg Speed: 0.30 M/s, Max Resolution: 1920x1080
Category: 电视剧, Name: 扫黄先锋, Total: 1, Valid: 1, Valid Percent: 100.00%, Whitelist: 0, IPv4: 1, IPv6: 0, Min Delay: 468 ms, Max Speed: 0.26 M/s, Avg Speed: 0.26 M/s, Max Resolution: 1280x720
Category: 电视剧, Name: 笑看风云, Total: 1, Valid: 1, Valid Percent: 100.00%, Whitelist: 0, IPv4: 1, IPv6: 0, Min Delay: 466 ms, Max Speed: 0.57 M/s, Avg Speed: 0.57 M/s, Max Resolution: 1920x1080
Category: 电视剧, Name: 大时代, Total: 1, Valid: 1, Valid Percent: 100.00%, Whitelist: 0, IPv4: 1, IPv6: 0, Min Delay: 511 ms, Max Speed: 0.38 M/s, Avg Speed: 0.38 M/s, Max Resolution: 1280x720
Category: 电视剧, Name: 康熙微服私访记, Total: 1, Valid: 1, Valid Percent: 100.00%, Whitelist: 0, IPv4: 1, IPv6: 0, Min Delay: 530 ms, Max Speed: 0.17 M/s, Avg Speed: 0.17 M/s, Max Resolution: 800x600
Category: 电视剧, Name: 封神榜, Total: 1, Valid: 1, Valid Percent: 100.00%, Whitelist: 0, IPv4: 1, IPv6: 0, Min Delay: 402 ms, Max Speed: 0.74 M/s, Avg Speed: 0.74 M/s, Max Resolution: 1920x1080
Category: 电视剧, Name: 西游记2, Total: 1, Valid: 1, Valid Percent: 100.00%, Whitelist: 0, IPv4: 1, IPv6: 0, Min Delay: 443 ms, Max Speed: 0.21 M/s, Avg Speed: 0.21 M/s, Max Resolution: 848x476
Category: 电视剧, Name: 鹿鼎记, Total: 1, Valid: 1, Valid Percent: 100.00%, Whitelist: 0, IPv4: 1, IPv6: 0, Min Delay: 24 ms, Max Speed: 20.38 M/s, Avg Speed: 20.38 M/s, Max Resolution: 1920x1080
Category: 电视剧, Name: 爱情公寓, Total: 3, Valid: 3, Valid Percent: 100.00%, Whitelist: 0, IPv4: 3, IPv6: 0, Min Delay: 239 ms, Max Speed: 0.63 M/s, Avg Speed: 0.42 M/s, Max Resolution: 1280x720
Category: 电视剧, Name: 康熙王朝, Total: 1, Valid: 1, Valid Percent: 100.00%, Whitelist: 0, IPv4: 1, IPv6: 0, Min Delay: 527 ms, Max Speed: 0.29 M/s, Avg Speed: 0.29 M/s, Max Resolution: 1280x720
Category: 电视剧, Name: 九品芝麻官, Total: 1, Valid: 1, Valid Percent: 100.00%, Whitelist: 0, IPv4: 1, IPv6: 0, Min Delay: 327 ms, Max Speed: 28.21 M/s, Avg Speed: 28.21 M/s, Max Resolution: 1280x720
Category: 电视剧, Name: 家庭影院, Total: 2, Valid: 2, Valid Percent: 100.00%, Whitelist: 0, IPv4: 2, IPv6: 0, Min Delay: 10398 ms, Max Speed: 0.02 M/s, Avg Speed: 0.02 M/s, Max Resolution: 1920x1080
Category: 电视剧, Name: 经典电影, Total: 1, Valid: 1, Valid Percent: 100.00%, Whitelist: 0, IPv4: 1, IPv6: 0, Min Delay: 2011 ms, Max Speed: 0.31 M/s, Avg Speed: 0.31 M/s, Max Resolution: 1920x1080
Category: 电视剧, Name: 父母爱情, Total: 1, Valid: 1, Valid Percent: 100.00%, Whitelist: 0, IPv4: 1, IPv6: 0, Min Delay: 543 ms, Max Speed: 0.32 M/s, Avg Speed: 0.32 M/s, Max Resolution: 1280x720
Category: 电视剧, Name: 西游记后传, Total: 1, Valid: 1, Valid Percent: 100.00%, Whitelist: 0, IPv4: 1, IPv6: 0, Min Delay: 529 ms, Max Speed: 0.06 M/s, Avg Speed: 0.06 M/s, Max Resolution: 352x288
Category: 电视剧, Name: 伪装者, Total: 1, Valid: 1, Valid Percent: 100.00%, Whitelist: 0, IPv4: 1, IPv6: 0, Min Delay: 547 ms, Max Speed: 0.26 M/s, Avg Speed: 0.26 M/s, Max Resolution: 1280x720
Category: 电视剧, Name: 陈情令, Total: 1, Valid: 1, Valid Percent: 100.00%, Whitelist: 0, IPv4: 1, IPv6: 0, Min Delay: 519 ms, Max Speed: 0.46 M/s, Avg Speed: 0.46 M/s, Max Resolution: 1280x720
Category: 电视剧, Name: 仙剑奇侠传, Total: 1, Valid: 1, Valid Percent: 100.00%, Whitelist: 0, IPv4: 1, IPv6: 0, Min Delay: 505 ms, Max Speed: 0.85 M/s, Avg Speed: 0.85 M/s, Max Resolution: 1920x1080
Category: 电视剧, Name: 我的前半生, Total: 1, Valid: 1, Valid Percent: 100.00%, Whitelist: 0, IPv4: 1, IPv6: 0, Min Delay: 541 ms, Max Speed: 0.35 M/s, Avg Speed: 0.35 M/s, Max Resolution: 1920x1080
Category: 电视剧, Name: 无间道2, Total: 1, Valid: 1, Valid Percent: 100.00%, Whitelist: 0, IPv4: 1, IPv6: 0, Min Delay: 95 ms, Max Speed: 23.47 M/s, Avg Speed: 23.47 M/s, Max Resolution: 1600x674
Category: 电视剧, Name: 隋唐英雄传, Total: 1, Valid: 1, Valid Percent: 100.00%, Whitelist: 0, IPv4: 1, IPv6: 0, Min Delay: 522 ms, Max Speed: 0.19 M/s, Avg Speed: 0.19 M/s, Max Resolution: 800x600
Category: 斗鱼轮播, Name: 吃奶滴虫, Total: 1, Valid: 1, Valid Percent: 100.00%, Whitelist: 0, IPv4: 1, IPv6: 0, Min Delay: 24 ms, Max Speed: 19.41 M/s, Avg Speed: 19.41 M/s, Max Resolution: 1920x1080
Category: 斗鱼轮播, Name: Poison丶冰冰, Total: 1, Valid: 1, Valid Percent: 100.00%, Whitelist: 0, IPv4: 1, IPv6: 0, Min Delay: 22 ms, Max Speed: 20.91 M/s, Avg Speed: 20.91 M/s, Max Resolution: 1920x1080
Category: 斗鱼轮播, Name: 精彩短剧看不停, Total: 1, Valid: 1, Valid Percent: 100.00%, Whitelist: 0, IPv4: 1, IPv6: 0, Min Delay: 23 ms, Max Speed: 18.50 M/s, Avg Speed: 18.50 M/s, Max Resolution: 0x0
Category: 斗鱼轮播, Name: mn静静nm, Total: 1, Valid: 1, Valid Percent: 100.00%, Whitelist: 0, IPv4: 1, IPv6: 0, Min Delay: 25 ms, Max Speed: 18.70 M/s, Avg Speed: 18.70 M/s, Max Resolution: 854x480
Category: 斗鱼轮播, Name: 7师傅, Total: 1, Valid: 1, Valid Percent: 100.00%, Whitelist: 0, IPv4: 1, IPv6: 0, Min Delay: 22 ms, Max Speed: 20.79 M/s, Avg Speed: 20.79 M/s, Max Resolution: 1920x1080
Category: 斗鱼轮播, Name: 傲娇的超级赛亚人, Total: 1, Valid: 1, Valid Percent: 100.00%, Whitelist: 0, IPv4: 1, IPv6: 0, Min Delay: 23 ms, Max Speed: 18.65 M/s, Avg Speed: 18.65 M/s, Max Resolution: 1920x1080
Category: 斗鱼轮播, Name: 网神影厅, Total: 1, Valid: 1, Valid Percent: 100.00%, Whitelist: 0, IPv4: 1, IPv6: 0, Min Delay: 22 ms, Max Speed: 20.59 M/s, Avg Speed: 20.59 M/s, Max Resolution: 854x480
Category: 斗鱼轮播, Name: 动作影院, Total: 1, Valid: 1, Valid Percent: 100.00%, Whitelist: 0, IPv4: 1, IPv6: 0, Min Delay: 10085 ms, Max Speed: 0.07 M/s, Avg Speed: 0.07 M/s, Max Resolution: 1920x1080
Category: 斗鱼轮播, Name: 邦德影院, Total: 1, Valid: 1, Valid Percent: 100.00%, Whitelist: 0, IPv4: 1, IPv6: 0, Min Delay: 23 ms, Max Speed: 18.77 M/s, Avg Speed: 18.77 M/s, Max Resolution: 1920x1080
Category: 斗鱼轮播, Name: 贝贝影视, Total: 1, Valid: 1, Valid Percent: 100.00%, Whitelist: 0, IPv4: 1, IPv6: 0, Min Delay: 23 ms, Max Speed: 20.21 M/s, Avg Speed: 20.21 M/s, Max Resolution: 1920x1080
Category: 斗鱼轮播, Name: 下饭神剧, Total: 1, Valid: 1, Valid Percent: 100.00%, Whitelist: 0, IPv4: 1, IPv6: 0, Min Delay: 22 ms, Max Speed: 19.55 M/s, Avg Speed: 19.55 M/s, Max Resolution: 1920x1080
Category: 斗鱼轮播, Name: 橙記港剧, Total: 1, Valid: 1, Valid Percent: 100.00%, Whitelist: 0, IPv4: 1, IPv6: 0, Min Delay: 23 ms, Max Speed: 18.93 M/s, Avg Speed: 18.93 M/s, Max Resolution: 1920x1080
Category: 斗鱼轮播, Name: 热门港剧, Total: 1, Valid: 1, Valid Percent: 100.00%, Whitelist: 0, IPv4: 1, IPv6: 0, Min Delay: 22 ms, Max Speed: 18.56 M/s, Avg Speed: 18.56 M/s, Max Resolution: 640x360
Category: 斗鱼轮播, Name: 欢乐综艺, Total: 1, Valid: 1, Valid Percent: 100.00%, Whitelist: 0, IPv4: 1, IPv6: 0, Min Delay: 25 ms, Max Speed: 19.05 M/s, Avg Speed: 19.05 M/s, Max Resolution: 1920x1080
Category: 斗鱼轮播, Name: 万合出品, Total: 1, Valid: 1, Valid Percent: 100.00%, Whitelist: 0, IPv4: 1, IPv6: 0, Min Delay: 23 ms, Max Speed: 19.14 M/s, Avg Speed: 19.14 M/s, Max Resolution: 1920x1080
Category: 斗鱼轮播, Name: 新版三国, Total: 1, Valid: 1, Valid Percent: 100.00%, Whitelist: 0, IPv4: 1, IPv6: 0, Min Delay: 22 ms, Max Speed: 19.60 M/s, Avg Speed: 19.60 M/s, Max Resolution: 1920x1080
Category: 斗鱼轮播, Name: 欧美大片, Total: 1, Valid: 1, Valid Percent: 100.00%, Whitelist: 0, IPv4: 1, IPv6: 0, Min Delay: 23 ms, Max Speed: 19.23 M/s, Avg Speed: 19.23 M/s, Max Resolution: 854x480
Category: 斗鱼轮播, Name: 斗鱼电影HD23, Total: 1, Valid: 1, Valid Percent: 100.00%, Whitelist: 0, IPv4: 1, IPv6: 0, Min Delay: 28 ms, Max Speed: 16.86 M/s, Avg Speed: 16.86 M/s, Max Resolution: 540x960
Category: 斗鱼轮播, Name: 斗鱼电影HD25, Total: 1, Valid: 1, Valid Percent: 100.00%, Whitelist: 0, IPv4: 1, IPv6: 0, Min Delay: 26 ms, Max Speed: 16.78 M/s, Avg Speed: 16.78 M/s, Max Resolution: 1920x1080
Category: 体育专区, Name: 睛彩广场舞, Total: 3, Valid: 3, Valid Percent: 100.00%, Whitelist: 0, IPv4: 3, IPv6: 0, Min Delay: 513 ms, Max Speed: 0.85 M/s, Avg Speed: 0.32 M/s, Max Resolution: 1920x1080
Category: 电影频道, Name: 东森洋片, Total: 3, Valid: 2, Valid Percent: 66.67%, Whitelist: 0, IPv4: 3, IPv6: 0, Min Delay: 173 ms, Max Speed: 1.27 M/s, Avg Speed: 0.74 M/s, Max Resolution: 1280x720
Category: 电影频道, Name: 龙祥电影, Total: 1, Valid: 1, Valid Percent: 100.00%, Whitelist: 0, IPv4: 1, IPv6: 0, Min Delay: 646 ms, Max Speed: 1.27 M/s, Avg Speed: 1.27 M/s, Max Resolution: 1920x1080
Category: 电影频道, Name: AMC电影, Total: 1, Valid: 1, Valid Percent: 100.00%, Whitelist: 0, IPv4: 1, IPv6: 0, Min Delay: 458 ms, Max Speed: 4.40 M/s, Avg Speed: 4.40 M/s, Max Resolution: 1920x1080
Category: 电影频道, Name: 北京影视, Total: 2, Valid: 2, Valid Percent: 100.00%, Whitelist: 0, IPv4: 2, IPv6: 0, Min Delay: 6 ms, Max Speed: 372.08 M/s, Avg Speed: 186.41 M/s, Max Resolution: 1920x1080
Category: 电影频道, Name: 天津影视, Total: 1, Valid: 1, Valid Percent: 100.00%, Whitelist: 0, IPv4: 1, IPv6: 0, Min Delay: 10565 ms, Max Speed: 0.01 M/s, Avg Speed: 0.01 M/s, Max Resolution: 1920x1080
Category: 电影频道, Name: 河北影视, Total: 1, Valid: 1, Valid Percent: 100.00%, Whitelist: 0, IPv4: 1, IPv6: 0, Min Delay: 10334 ms, Max Speed: 0.34 M/s, Avg Speed: 0.34 M/s, Max Resolution: 1920x1080
Category: 电影频道, Name: 山西影视, Total: 1, Valid: 1, Valid Percent: 100.00%, Whitelist: 0, IPv4: 1, IPv6: 0, Min Delay: 9568 ms, Max Speed: 0.33 M/s, Avg Speed: 0.33 M/s, Max Resolution: 720x576
Category: 电影频道, Name: 东方影视, Total: 1, Valid: 1, Valid Percent: 100.00%, Whitelist: 0, IPv4: 1, IPv6: 0, Min Delay: 1897 ms, Max Speed: 10.48 M/s, Avg Speed: 10.48 M/s, Max Resolution: 1920x1080
Category: 电影频道, Name: 江苏影视, Total: 1, Valid: 1, Valid Percent: 100.00%, Whitelist: 0, IPv4: 1, IPv6: 0, Min Delay: 36 ms, Max Speed: 15.43 M/s, Avg Speed: 15.43 M/s, Max Resolution: 1920x1080
Category: 电影频道, Name: 句容影视, Total: 1, Valid: 1, Valid Percent: 100.00%, Whitelist: 0, IPv4: 1, IPv6: 0, Min Delay: 1556 ms, Max Speed: 0.25 M/s, Avg Speed: 0.25 M/s, Max Resolution: 720x576
Category: 电影频道, Name: 安徽影视, Total: 1, Valid: 1, Valid Percent: 100.00%, Whitelist: 0, IPv4: 1, IPv6: 0, Min Delay: 859 ms, Max Speed: 0.17 M/s, Avg Speed: 0.17 M/s, Max Resolution: 1920x1080
Category: 电影频道, Name: 湖南电影, Total: 1, Valid: 1, Valid Percent: 100.00%, Whitelist: 0, IPv4: 1, IPv6: 0, Min Delay: 988 ms, Max Speed: 0.83 M/s, Avg Speed: 0.83 M/s, Max Resolution: 640x360
Category: 电影频道, Name: 广东影视, Total: 2, Valid: 2, Valid Percent: 100.00%, Whitelist: 0, IPv4: 2, IPv6: 0, Min Delay: 4196 ms, Max Speed: 0.63 M/s, Avg Speed: 0.40 M/s, Max Resolution: 1920x1080
Category: 电影频道, Name: 广西影视, Total: 1, Valid: 1, Valid Percent: 100.00%, Whitelist: 0, IPv4: 1, IPv6: 0, Min Delay: 433 ms, Max Speed: 1.30 M/s, Avg Speed: 1.30 M/s, Max Resolution: 1920x1080
Category: 电影频道, Name: 浙江教科影视, Total: 1, Valid: 1, Valid Percent: 100.00%, Whitelist: 0, IPv4: 1, IPv6: 0, Min Delay: 2064 ms, Max Speed: 0.61 M/s, Avg Speed: 0.61 M/s, Max Resolution: 1920x1080
Category: 电影频道, Name: 湖北影视, Total: 2, Valid: 1, Valid Percent: 50.00%, Whitelist: 0, IPv4: 2, IPv6: 0, Min Delay: 10004 ms, Max Speed: 0.16 M/s, Avg Speed: 0.16 M/s, Max Resolution: 1920x1080
Category: 电影频道, Name: 辽宁影视剧, Total: 3, Valid: 3, Valid Percent: 100.00%, Whitelist: 0, IPv4: 3, IPv6: 0, Min Delay: 977 ms, Max Speed: 0.72 M/s, Avg Speed: 0.47 M/s, Max Resolution: 1920x1080
Category: 电影频道, Name: 甘肃文化影视, Total: 1, Valid: 0, Valid Percent: 0.00%, Whitelist: 0, IPv4: 1, IPv6: 0, Min Delay: 5149 ms, Max Speed: 0.00 M/s, Avg Speed: 0.00 M/s, Max Resolution: None
Category: 电影频道, Name: 雪豹, Total: 1, Valid: 1, Valid Percent: 100.00%, Whitelist: 0, IPv4: 1, IPv6: 0, Min Delay: 22 ms, Max Speed: 19.96 M/s, Avg Speed: 19.96 M/s, Max Resolution: 854x480
Category: 春晚现场, Name: 春晚1984, Total: 1, Valid: 1, Valid Percent: 100.00%, Whitelist: 0, IPv4: 1, IPv6: 0, Min Delay: 222 ms, Max Speed: 26.34 M/s, Avg Speed: 26.34 M/s, Max Resolution: 768x576
Category: 春晚现场, Name: 春晚1985, Total: 1, Valid: 1, Valid Percent: 100.00%, Whitelist: 0, IPv4: 1, IPv6: 0, Min Delay: 219 ms, Max Speed: 26.67 M/s, Avg Speed: 26.67 M/s, Max Resolution: 768x576
Category: 春晚现场, Name: 春晚1987, Total: 1, Valid: 1, Valid Percent: 100.00%, Whitelist: 0, IPv4: 1, IPv6: 0, Min Delay: 667 ms, Max Speed: 5.95 M/s, Avg Speed: 5.95 M/s, Max Resolution: 640x480
Category: 春晚现场, Name: 春晚1988, Total: 1, Valid: 1, Valid Percent: 100.00%, Whitelist: 0, IPv4: 1, IPv6: 0, Min Delay: 570 ms, Max Speed: 1.96 M/s, Avg Speed: 1.96 M/s, Max Resolution: 640x480
Category: 春晚现场, Name: 春晚1989, Total: 1, Valid: 1, Valid Percent: 100.00%, Whitelist: 0, IPv4: 1, IPv6: 0, Min Delay: 373 ms, Max Speed: 114.99 M/s, Avg Speed: 114.99 M/s, Max Resolution: 640x480
Category: 春晚现场, Name: 春晚2020, Total: 1, Valid: 1, Valid Percent: 100.00%, Whitelist: 0, IPv4: 1, IPv6: 0, Min Delay: 154 ms, Max Speed: 26.88 M/s, Avg Speed: 26.88 M/s, Max Resolution: 1280x720
Category: 春晚现场, Name: 春晚2021, Total: 1, Valid: 1, Valid Percent: 100.00%, Whitelist: 0, IPv4: 1, IPv6: 0, Min Delay: 10 ms, Max Speed: 82.94 M/s, Avg Speed: 82.94 M/s, Max Resolution: 1280x720
Category: 春晚现场, Name: 春晚2022, Total: 1, Valid: 1, Valid Percent: 100.00%, Whitelist: 0, IPv4: 1, IPv6: 0, Min Delay: 13 ms, Max Speed: 161.78 M/s, Avg Speed: 161.78 M/s, Max Resolution: 1280x720
Category: 直播中国, Name: 中央电视塔东, Total: 1, Valid: 1, Valid Percent: 100.00%, Whitelist: 0, IPv4: 1, IPv6: 0, Min Delay: 3912 ms, Max Speed: 0.79 M/s, Avg Speed: 0.79 M/s, Max Resolution: 1920x1080
Category: 直播中国, Name: 中央电视塔南, Total: 1, Valid: 1, Valid Percent: 100.00%, Whitelist: 0, IPv4: 1, IPv6: 0, Min Delay: 3155 ms, Max Speed: 0.85 M/s, Avg Speed: 0.85 M/s, Max Resolution: 1280x720
